{'2019-04-05 14:37:39.444','INFO',19890,postgres.py:27-<module>:-->2019-04-05 14:37:39.444061 - Initialization done Postgresql }
{'2019-04-05 14:37:39.657','DEBUG',19890,kafka_utils.py:42-<module>:-->KAFKA_PREFIX=gila-20117.}
{'2019-04-05 14:37:39.657','DEBUG',19890,kafka_utils.py:43-<module>:-->KAKFA_TOPIC_READ=topicRead}
{'2019-04-05 14:37:39.657','DEBUG',19890,kafka_utils.py:44-<module>:-->KAKFA_TOPIC_WRITE=topicWrite}
{'2019-04-05 14:37:39.657','DEBUG',19890,kafka_utils.py:45-<module>:-->KAFKA_GROUP_ID=gila-20117.my-consumer-group}
{'2019-04-05 14:37:39.720','INFO',19890,photo.py:21-<module>:-->Upload In Redis = False}
{'2019-04-05 14:37:40.474','DEBUG',19890,rabbitmq.py:34-init:-->Initialized : isOpen=True}
{'2019-04-05 14:37:40.474','INFO',19890,rabbitmq.py:43-<module>:-->2019-04-05 14:37:40.474379  - Initialization done RabbitMq}
{'2019-04-05 14:37:40.475','DEBUG',19890,rabbitmq.py:86-sendMessage:-->[x] sent}
{'2019-04-05 14:37:40.476','DEBUG',19890,rabbitmq.py:86-sendMessage:-->[x] sent}
{'2019-04-05 14:37:40.476','DEBUG',19890,rabbitmq.py:86-sendMessage:-->[x] sent}
{'2019-04-05 14:37:40.477','DEBUG',19890,rabbitmq.py:86-sendMessage:-->[x] sent}
{'2019-04-05 14:37:40.478','DEBUG',19890,rabbitmq.py:86-sendMessage:-->[x] sent}
{'2019-04-05 14:37:40.478','DEBUG',19890,rabbitmq.py:86-sendMessage:-->[x] sent}
{'2019-04-05 14:37:40.479','DEBUG',19890,rabbitmq.py:86-sendMessage:-->[x] sent}
{'2019-04-05 14:37:40.480','DEBUG',19890,rabbitmq.py:86-sendMessage:-->[x] sent}
{'2019-04-05 14:37:40.480','DEBUG',19890,rabbitmq.py:86-sendMessage:-->[x] sent}
{'2019-04-05 14:37:40.481','DEBUG',19890,rabbitmq.py:86-sendMessage:-->[x] sent}
{'2019-04-05 14:37:40.482','DEBUG',19890,rabbitmq.py:86-sendMessage:-->[x] sent}
{'2019-04-05 14:37:40.483','DEBUG',19890,rabbitmq.py:86-sendMessage:-->[x] sent}
{'2019-04-05 14:37:40.483','DEBUG',19890,rabbitmq.py:86-sendMessage:-->[x] sent}
{'2019-04-05 14:37:40.484','DEBUG',19890,rabbitmq.py:86-sendMessage:-->[x] sent}
{'2019-04-05 14:37:40.484','DEBUG',19890,rabbitmq.py:86-sendMessage:-->[x] sent}
{'2019-04-05 14:37:40.485','DEBUG',19890,rabbitmq.py:86-sendMessage:-->[x] sent}
{'2019-04-05 14:37:40.486','DEBUG',19890,rabbitmq.py:86-sendMessage:-->[x] sent}
{'2019-04-05 14:37:40.486','DEBUG',19890,rabbitmq.py:86-sendMessage:-->[x] sent}
{'2019-04-05 14:37:40.487','DEBUG',19890,rabbitmq.py:86-sendMessage:-->[x] sent}
{'2019-04-05 14:37:40.487','DEBUG',19890,rabbitmq.py:86-sendMessage:-->[x] sent}
{'2019-04-05 14:37:40.488','DEBUG',19890,rabbitmq.py:86-sendMessage:-->[x] sent}
{'2019-04-05 14:37:40.488','DEBUG',19890,rabbitmq.py:86-sendMessage:-->[x] sent}
{'2019-04-05 14:37:40.489','DEBUG',19890,rabbitmq.py:86-sendMessage:-->[x] sent}
{'2019-04-05 14:37:40.490','DEBUG',19890,rabbitmq.py:86-sendMessage:-->[x] sent}
{'2019-04-05 14:37:40.490','DEBUG',19890,rabbitmq.py:86-sendMessage:-->[x] sent}
{'2019-04-05 14:37:40.491','DEBUG',19890,rabbitmq.py:86-sendMessage:-->[x] sent}
{'2019-04-05 14:37:40.491','DEBUG',19890,rabbitmq.py:86-sendMessage:-->[x] sent}
{'2019-04-05 14:37:40.492','DEBUG',19890,rabbitmq.py:86-sendMessage:-->[x] sent}
{'2019-04-05 14:37:40.492','DEBUG',19890,rabbitmq.py:86-sendMessage:-->[x] sent}
{'2019-04-05 14:37:40.493','DEBUG',19890,rabbitmq.py:86-sendMessage:-->[x] sent}
{'2019-04-05 15:20:18.269','INFO',25671,postgres.py:27-<module>:-->2019-04-05 15:20:18.269620 - Initialization done Postgresql }
{'2019-04-05 15:20:18.506','DEBUG',25671,kafka_utils.py:42-<module>:-->KAFKA_PREFIX=gila-20117.}
{'2019-04-05 15:20:18.506','DEBUG',25671,kafka_utils.py:43-<module>:-->KAKFA_TOPIC_READ=topicRead}
{'2019-04-05 15:20:18.506','DEBUG',25671,kafka_utils.py:44-<module>:-->KAKFA_TOPIC_WRITE=topicWrite}
{'2019-04-05 15:20:18.506','DEBUG',25671,kafka_utils.py:45-<module>:-->KAFKA_GROUP_ID=gila-20117.my-consumer-group}
{'2019-04-05 15:20:20.301','DEBUG',25671,rabbitmq.py:34-init:-->Initialized : isOpen=True}
{'2019-04-05 15:20:20.302','INFO',25671,rabbitmq.py:43-<module>:-->2019-04-05 15:20:20.302197  - Initialization done RabbitMq}
{'2019-04-05 15:20:20.332','INFO',25671,photo.py:21-<module>:-->Upload In Redis = False}
{'2019-04-05 15:20:20.736','INFO',25674,postgres.py:27-<module>:-->2019-04-05 15:20:20.736074 - Initialization done Postgresql }
{'2019-04-05 15:20:20.890','DEBUG',25674,kafka_utils.py:42-<module>:-->KAFKA_PREFIX=gila-20117.}
{'2019-04-05 15:20:20.890','DEBUG',25674,kafka_utils.py:43-<module>:-->KAKFA_TOPIC_READ=topicRead}
{'2019-04-05 15:20:20.890','DEBUG',25674,kafka_utils.py:44-<module>:-->KAKFA_TOPIC_WRITE=topicWrite}
{'2019-04-05 15:20:20.891','DEBUG',25674,kafka_utils.py:45-<module>:-->KAFKA_GROUP_ID=gila-20117.my-consumer-group}
{'2019-04-05 15:20:21.536','DEBUG',25674,rabbitmq.py:34-init:-->Initialized : isOpen=True}
{'2019-04-05 15:20:21.537','INFO',25674,rabbitmq.py:43-<module>:-->2019-04-05 15:20:21.537242  - Initialization done RabbitMq}
{'2019-04-05 15:20:21.557','INFO',25674,photo.py:21-<module>:-->Upload In Redis = False}
{'2019-04-05 15:20:33.899','INFO',25674,rediscache.py:22-__connect:-->2019-04-05 15:20:33.899863  - Initialization done Redis}
{'2019-04-05 15:20:33.901','DEBUG',25674,rediscache.py:65-__getCache:-->Reading in Redis}
{'2019-04-05 15:20:33.968','INFO',25674,postgres.py:394-__checkHerokuLogsTable:-->Data not found in cache : heroku log data not known}
{'2019-04-05 15:20:35.348','INFO',25674,postgres.py:401-__checkHerokuLogsTable:-->True}
{'2019-04-05 15:20:35.419','DEBUG',25674,rediscache.py:50-__setCache:-->Storing in Redis}
{'2019-04-05 15:20:36.255','DEBUG',25674,guest.py:104-guest:-->* url: http://localhost:5000/
* method:GET
* Args:
* Headers:
	* Host = localhost:5000
	* Connection = keep-alive
	* Upgrade-Insecure-Requests = 1
	* User-Agent = Mozilla/5.0 (Macintosh; Intel Mac OS X 10_14_4) AppleWebKit/537.36 (KHTML, like Gecko) Chrome/73.0.3683.86 Safari/537.36
	* Accept = text/html,application/xhtml+xml,application/xml;q=0.9,image/webp,image/apng,*/*;q=0.8,application/signed-exchange;v=b3
	* Accept-Encoding = gzip, deflate, br
	* Accept-Language = en-GB,en;q=0.9,en-US;q=0.8,fr;q=0.7
* Form:
* Files:
}
{'2019-04-05 15:20:36.255','DEBUG',25674,rediscache.py:65-__getCache:-->Reading in Redis}
{'2019-04-05 15:20:36.334','INFO',25674,postgres.py:34-__getSFUsers:-->Data not found in cache : heroku log data not known}
{'2019-04-05 15:20:36.838','DEBUG',25674,rediscache.py:50-__setCache:-->Storing in Redis}
{'2019-04-05 15:20:36.976','DEBUG',25674,postgres.py:42-__getSFUsers:-->{'data': [{'name': 'Augustin Rieunier', 'sfid': '0051t000002FB13AAG'}, {'name': 'Automated Process', 'sfid': '0051t000002ujiYAAQ'}, {'name': 'B2BMA Integration', 'sfid': '0051t000002FB1EAAW'}, {'name': 'Bill West', 'sfid': '0051t000002ujiaAAA'}, {'name': 'Bob Hodges', 'sfid': '0051t000002ujj7AAA'}, {'name': 'Brenda Service', 'sfid': '0051t000002ujj6AAA'}, {'name': 'Chatter Expert', 'sfid': '0051t000002ujibAAA'}, {'name': 'Cindy Central', 'sfid': '0051t000002ujicAAA'}, {'name': 'customer-service Site Guest User', 'sfid': '0051t000002FCBrAAO'}, {'name': 'Customer Site Guest User', 'sfid': '0051t000002ujikAAA'}, {'name': 'Elliot Executive', 'sfid': '0051t000002ujifAAA'}, {'name': 'Ely East', 'sfid': '0051t000002ujidAAA'}, {'name': 'frederic daurelle', 'sfid': '0051t00000364baAAA'}, {'name': 'Heroku Connect CDO', 'sfid': '0051t000002FCo6AAG'}, {'name': 'Insights Integration', 'sfid': '0051t000002FB1DAAW'}, {'name': 'Jen Barber', 'sfid': '0051t000002zWHXAA2'}, {'name': 'Johan Ostman', 'sfid': '0051t0000035iYeAAI'}, {'name': 'Lauren Boyle', 'sfid': '0051t000002ujiiAAA'}, {'name': 'Marc Benioff', 'sfid': '0051t0000036KbSAAU'}, {'name': 'Partner Site Guest User', 'sfid': '0051t000002ujilAAA'}, {'name': 'Platform Integration User', 'sfid': '0051t000002ujjBAAQ'}, {'name': 'Quinton Engineer', 'sfid': '0051t000002ujigAAA'}, {'name': 'Roy Trenneman', 'sfid': '0051t0000035gXtAAI'}, {'name': 'Sly Resident', 'sfid': '0051t0000034bcaAAA'}, {'name': 'Steve Service', 'sfid': '0051t000002ujj5AAA'}, {'name': 'Sue Marketing', 'sfid': '0051t000002ujihAAA'}, {'name': 'Tim Service', 'sfid': '0051t000002ujieAAA'}, {'name': 'Tom Reseller', 'sfid': '0051t000002ujimAAA'}], 'columns': ['name', 'sfid']}}
{'2019-04-05 15:20:36.977','DEBUG',25674,rediscache.py:65-__getCache:-->Reading in Redis}
{'2019-04-05 15:21:42.344','INFO',27004,postgres.py:27-<module>:-->2019-04-05 15:21:42.344102 - Initialization done Postgresql }
{'2019-04-05 15:21:42.574','DEBUG',27004,kafka_utils.py:42-<module>:-->KAFKA_PREFIX=gila-20117.}
{'2019-04-05 15:21:42.574','DEBUG',27004,kafka_utils.py:43-<module>:-->KAKFA_TOPIC_READ=topicRead}
{'2019-04-05 15:21:42.574','DEBUG',27004,kafka_utils.py:44-<module>:-->KAKFA_TOPIC_WRITE=topicWrite}
{'2019-04-05 15:21:42.574','DEBUG',27004,kafka_utils.py:45-<module>:-->KAFKA_GROUP_ID=gila-20117.my-consumer-group}
{'2019-04-05 15:21:47.356','DEBUG',27004,rabbitmq.py:34-init:-->Initialized : isOpen=True}
{'2019-04-05 15:21:47.357','INFO',27004,rabbitmq.py:43-<module>:-->2019-04-05 15:21:47.357017  - Initialization done RabbitMq}
{'2019-04-05 15:21:47.382','INFO',27004,photo.py:21-<module>:-->Upload In Redis = False}
{'2019-04-05 15:21:47.775','INFO',27017,postgres.py:27-<module>:-->2019-04-05 15:21:47.775484 - Initialization done Postgresql }
{'2019-04-05 15:21:47.927','DEBUG',27017,kafka_utils.py:42-<module>:-->KAFKA_PREFIX=gila-20117.}
{'2019-04-05 15:21:47.927','DEBUG',27017,kafka_utils.py:43-<module>:-->KAKFA_TOPIC_READ=topicRead}
{'2019-04-05 15:21:47.927','DEBUG',27017,kafka_utils.py:44-<module>:-->KAKFA_TOPIC_WRITE=topicWrite}
{'2019-04-05 15:21:47.927','DEBUG',27017,kafka_utils.py:45-<module>:-->KAFKA_GROUP_ID=gila-20117.my-consumer-group}
{'2019-04-05 15:21:48.241','DEBUG',27017,rabbitmq.py:34-init:-->Initialized : isOpen=True}
{'2019-04-05 15:21:48.242','INFO',27017,rabbitmq.py:43-<module>:-->2019-04-05 15:21:48.242144  - Initialization done RabbitMq}
{'2019-04-05 15:21:48.261','INFO',27017,photo.py:21-<module>:-->Upload In Redis = False}
{'2019-04-05 15:22:23.999','INFO',27017,rediscache.py:22-__connect:-->2019-04-05 15:22:23.999080  - Initialization done Redis}
{'2019-04-05 15:22:23.999','DEBUG',27017,rediscache.py:65-__getCache:-->Reading in Redis}
{'2019-04-05 15:22:24.539','DEBUG',27017,guest.py:104-guest:-->* url: http://192.168.1.39:5000/
* method:GET
* Args:
* Headers:
	* Host = 192.168.1.39:5000
	* Upgrade-Insecure-Requests = 1
	* Accept = text/html,application/xhtml+xml,application/xml;q=0.9,*/*;q=0.8
	* User-Agent = Mozilla/5.0 (iPhone; CPU iPhone OS 12_1_4 like Mac OS X) AppleWebKit/605.1.15 (KHTML, like Gecko) Version/12.0 Mobile/15E148 Safari/604.1
	* Accept-Language = fr-fr
	* Accept-Encoding = gzip, deflate
	* Connection = keep-alive
* Form:
* Files:
}
{'2019-04-05 15:22:24.542','DEBUG',27017,rediscache.py:65-__getCache:-->Reading in Redis}
{'2019-04-05 15:22:24.563','INFO',27017,postgres.py:34-__getSFUsers:-->Data not found in cache : heroku log data not known}
{'2019-04-05 15:22:24.625','DEBUG',27017,rediscache.py:50-__setCache:-->Storing in Redis}
{'2019-04-05 15:22:24.666','DEBUG',27017,postgres.py:42-__getSFUsers:-->{'data': [{'name': 'Augustin Rieunier', 'sfid': '0051t000002FB13AAG'}, {'name': 'Automated Process', 'sfid': '0051t000002ujiYAAQ'}, {'name': 'B2BMA Integration', 'sfid': '0051t000002FB1EAAW'}, {'name': 'Bill West', 'sfid': '0051t000002ujiaAAA'}, {'name': 'Bob Hodges', 'sfid': '0051t000002ujj7AAA'}, {'name': 'Brenda Service', 'sfid': '0051t000002ujj6AAA'}, {'name': 'Chatter Expert', 'sfid': '0051t000002ujibAAA'}, {'name': 'Cindy Central', 'sfid': '0051t000002ujicAAA'}, {'name': 'customer-service Site Guest User', 'sfid': '0051t000002FCBrAAO'}, {'name': 'Customer Site Guest User', 'sfid': '0051t000002ujikAAA'}, {'name': 'Elliot Executive', 'sfid': '0051t000002ujifAAA'}, {'name': 'Ely East', 'sfid': '0051t000002ujidAAA'}, {'name': 'frederic daurelle', 'sfid': '0051t00000364baAAA'}, {'name': 'Heroku Connect CDO', 'sfid': '0051t000002FCo6AAG'}, {'name': 'Insights Integration', 'sfid': '0051t000002FB1DAAW'}, {'name': 'Jen Barber', 'sfid': '0051t000002zWHXAA2'}, {'name': 'Johan Ostman', 'sfid': '0051t0000035iYeAAI'}, {'name': 'Lauren Boyle', 'sfid': '0051t000002ujiiAAA'}, {'name': 'Marc Benioff', 'sfid': '0051t0000036KbSAAU'}, {'name': 'Partner Site Guest User', 'sfid': '0051t000002ujilAAA'}, {'name': 'Platform Integration User', 'sfid': '0051t000002ujjBAAQ'}, {'name': 'Quinton Engineer', 'sfid': '0051t000002ujigAAA'}, {'name': 'Roy Trenneman', 'sfid': '0051t0000035gXtAAI'}, {'name': 'Sly Resident', 'sfid': '0051t0000034bcaAAA'}, {'name': 'Steve Service', 'sfid': '0051t000002ujj5AAA'}, {'name': 'Sue Marketing', 'sfid': '0051t000002ujihAAA'}, {'name': 'Tim Service', 'sfid': '0051t000002ujieAAA'}, {'name': 'Tom Reseller', 'sfid': '0051t000002ujimAAA'}], 'columns': ['name', 'sfid']}}
{'2019-04-05 15:22:24.667','DEBUG',27017,rediscache.py:65-__getCache:-->Reading in Redis}
{'2019-04-05 15:23:03.258','DEBUG',27017,rediscache.py:65-__getCache:-->Reading in Redis}
{'2019-04-05 15:23:03.564','DEBUG',27017,guest.py:104-guest:-->* url: http://192.168.1.39:5000/
* method:POST
* Args:
* Headers:
	* Host = 192.168.1.39:5000
	* Accept = text/html,application/xhtml+xml,application/xml;q=0.9,*/*;q=0.8
	* Accept-Encoding = gzip, deflate
	* Accept-Language = fr-fr
	* Content-Type = multipart/form-data; boundary=----WebKitFormBoundary0zE62E2XgI6uB4Hy
	* Origin = http://192.168.1.39:5000
	* User-Agent = Mozilla/5.0 (iPhone; CPU iPhone OS 12_1_4 like Mac OS X) AppleWebKit/605.1.15 (KHTML, like Gecko) Version/12.0 Mobile/15E148 Safari/604.1
	* Connection = keep-alive
	* Upgrade-Insecure-Requests = 1
	* Referer = http://192.168.1.39:5000/
	* Content-Length = 1160129
	* Cookie = test-demo-ar=3be3a4e5-5ad5-4c42-a313-ef920a4484d5
* Form:
	* Firstname = Augustin
	* Lastname = Rieunier
	* Company = Sfdv
	* PhoneNumber = +33625522552
	* Email = Arieunier@salesforce.com
	* Host = 0051t000002FB13AAG
* Files:
	* fileToUpload = <FileStorage: 'image.jpg' ('image/jpeg')>
}
{'2019-04-05 15:23:03.565','DEBUG',27017,rediscache.py:65-__getCache:-->Reading in Redis}
{'2019-04-05 15:23:03.584','INFO',27017,postgres.py:39-__getSFUsers:-->Data found in redis, using it directly}
{'2019-04-05 15:23:03.585','DEBUG',27017,postgres.py:42-__getSFUsers:-->{'data': [{'name': 'Augustin Rieunier', 'sfid': '0051t000002FB13AAG'}, {'name': 'Automated Process', 'sfid': '0051t000002ujiYAAQ'}, {'name': 'B2BMA Integration', 'sfid': '0051t000002FB1EAAW'}, {'name': 'Bill West', 'sfid': '0051t000002ujiaAAA'}, {'name': 'Bob Hodges', 'sfid': '0051t000002ujj7AAA'}, {'name': 'Brenda Service', 'sfid': '0051t000002ujj6AAA'}, {'name': 'Chatter Expert', 'sfid': '0051t000002ujibAAA'}, {'name': 'Cindy Central', 'sfid': '0051t000002ujicAAA'}, {'name': 'customer-service Site Guest User', 'sfid': '0051t000002FCBrAAO'}, {'name': 'Customer Site Guest User', 'sfid': '0051t000002ujikAAA'}, {'name': 'Elliot Executive', 'sfid': '0051t000002ujifAAA'}, {'name': 'Ely East', 'sfid': '0051t000002ujidAAA'}, {'name': 'frederic daurelle', 'sfid': '0051t00000364baAAA'}, {'name': 'Heroku Connect CDO', 'sfid': '0051t000002FCo6AAG'}, {'name': 'Insights Integration', 'sfid': '0051t000002FB1DAAW'}, {'name': 'Jen Barber', 'sfid': '0051t000002zWHXAA2'}, {'name': 'Johan Ostman', 'sfid': '0051t0000035iYeAAI'}, {'name': 'Lauren Boyle', 'sfid': '0051t000002ujiiAAA'}, {'name': 'Marc Benioff', 'sfid': '0051t0000036KbSAAU'}, {'name': 'Partner Site Guest User', 'sfid': '0051t000002ujilAAA'}, {'name': 'Platform Integration User', 'sfid': '0051t000002ujjBAAQ'}, {'name': 'Quinton Engineer', 'sfid': '0051t000002ujigAAA'}, {'name': 'Roy Trenneman', 'sfid': '0051t0000035gXtAAI'}, {'name': 'Sly Resident', 'sfid': '0051t0000034bcaAAA'}, {'name': 'Steve Service', 'sfid': '0051t000002ujj5AAA'}, {'name': 'Sue Marketing', 'sfid': '0051t000002ujihAAA'}, {'name': 'Tim Service', 'sfid': '0051t000002ujieAAA'}, {'name': 'Tom Reseller', 'sfid': '0051t000002ujimAAA'}], 'columns': ['name', 'sfid']}}
{'2019-04-05 15:23:03.585','DEBUG',27017,rediscache.py:65-__getCache:-->Reading in Redis}
{'2019-04-05 15:23:03.628','DEBUG',27017,aws.py:66-AWS_upload:-->6}
{'2019-04-05 15:23:04.198','INFO',27017,aws.py:86-AWS_upload:-->RemoteFilename = d3f0add0-255c-4632-a617-1a7bf4b7a357.jpg}
{'2019-04-05 15:23:04.198','INFO',27017,aws.py:87-AWS_upload:-->completeFilename = ./images/d3f0add0-255c-4632-a617-1a7bf4b7a357.jpeg}
{'2019-04-05 15:23:04.679','DEBUG',27017,aws.py:35-uploadData:-->https://bucketeer-ad74aded-29ae-4300-ac4a-2ed34f120de3.s3.eu-west-1.amazonaws.com/public/d3f0add0-255c-4632-a617-1a7bf4b7a357.jpg}
{'2019-04-05 15:23:04.680','INFO',27017,aws.py:90-AWS_upload:-->File saved in AWS as https://bucketeer-ad74aded-29ae-4300-ac4a-2ed34f120de3.s3.eu-west-1.amazonaws.com/public/d3f0add0-255c-4632-a617-1a7bf4b7a357.jpg}
{'2019-04-05 15:23:04.680','INFO',27017,guest.py:140-guest:-->{'id': 'd3f0add0-255c-4632-a617-1a7bf4b7a357', 'user-agent': 'Mozilla/5.0 (iPhone; CPU iPhone OS 12_1_4 like Mac OS X) AppleWebKit/605.1.15 (KHTML, like Gecko) Version/12.0 Mobile/15E148 Safari/604.1', 'url': 'http://192.168.1.39:5000/', 'image_width': 2320, 'image_height': 3088, 'cookie': '3be3a4e5-5ad5-4c42-a313-ef920a4484d5', 'UPLOAD_IN_REDIS': False, 'remote_url': 'https://bucketeer-ad74aded-29ae-4300-ac4a-2ed34f120de3.s3.eu-west-1.amazonaws.com/public/d3f0add0-255c-4632-a617-1a7bf4b7a357.jpg'}}
{'2019-04-05 15:23:04.682','DEBUG',27017,rabbitmq.py:86-sendMessage:-->[x] sent}
{'2019-04-05 15:23:04.764','DEBUG',27017,rediscache.py:50-__setCache:-->Storing in Redis}
{'2019-04-05 15:24:56.875','DEBUG',27017,rediscache.py:65-__getCache:-->Reading in Redis}
{'2019-04-05 15:24:57.168','DEBUG',27017,guest.py:104-guest:-->* url: http://192.168.1.39:5000/
* method:POST
* Args:
* Headers:
	* Host = 192.168.1.39:5000
	* Accept = text/html,application/xhtml+xml,application/xml;q=0.9,*/*;q=0.8
	* Accept-Encoding = gzip, deflate
	* Accept-Language = fr-fr
	* Content-Type = multipart/form-data; boundary=----WebKitFormBoundary0zE62E2XgI6uB4Hy
	* Origin = http://192.168.1.39:5000
	* User-Agent = Mozilla/5.0 (iPhone; CPU iPhone OS 12_1_4 like Mac OS X) AppleWebKit/605.1.15 (KHTML, like Gecko) Version/12.0 Mobile/15E148 Safari/604.1
	* Connection = keep-alive
	* Upgrade-Insecure-Requests = 1
	* Referer = http://192.168.1.39:5000/
	* Content-Length = 1160129
	* Cookie = test-demo-ar=3be3a4e5-5ad5-4c42-a313-ef920a4484d5
* Form:
	* Firstname = Augustin
	* Lastname = Rieunier
	* Company = Sfdv
	* PhoneNumber = +33625522552
	* Email = Arieunier@salesforce.com
	* Host = 0051t000002FB13AAG
* Files:
	* fileToUpload = <FileStorage: 'image.jpg' ('image/jpeg')>
}
{'2019-04-05 15:24:57.168','DEBUG',27017,rediscache.py:65-__getCache:-->Reading in Redis}
{'2019-04-05 15:24:57.188','INFO',27017,postgres.py:34-__getSFUsers:-->Data not found in cache : heroku log data not known}
{'2019-04-05 15:24:57.248','DEBUG',27017,rediscache.py:50-__setCache:-->Storing in Redis}
{'2019-04-05 15:24:57.290','DEBUG',27017,postgres.py:42-__getSFUsers:-->{'data': [{'name': 'Augustin Rieunier', 'sfid': '0051t000002FB13AAG'}, {'name': 'Automated Process', 'sfid': '0051t000002ujiYAAQ'}, {'name': 'B2BMA Integration', 'sfid': '0051t000002FB1EAAW'}, {'name': 'Bill West', 'sfid': '0051t000002ujiaAAA'}, {'name': 'Bob Hodges', 'sfid': '0051t000002ujj7AAA'}, {'name': 'Brenda Service', 'sfid': '0051t000002ujj6AAA'}, {'name': 'Chatter Expert', 'sfid': '0051t000002ujibAAA'}, {'name': 'Cindy Central', 'sfid': '0051t000002ujicAAA'}, {'name': 'customer-service Site Guest User', 'sfid': '0051t000002FCBrAAO'}, {'name': 'Customer Site Guest User', 'sfid': '0051t000002ujikAAA'}, {'name': 'Elliot Executive', 'sfid': '0051t000002ujifAAA'}, {'name': 'Ely East', 'sfid': '0051t000002ujidAAA'}, {'name': 'frederic daurelle', 'sfid': '0051t00000364baAAA'}, {'name': 'Heroku Connect CDO', 'sfid': '0051t000002FCo6AAG'}, {'name': 'Insights Integration', 'sfid': '0051t000002FB1DAAW'}, {'name': 'Jen Barber', 'sfid': '0051t000002zWHXAA2'}, {'name': 'Johan Ostman', 'sfid': '0051t0000035iYeAAI'}, {'name': 'Lauren Boyle', 'sfid': '0051t000002ujiiAAA'}, {'name': 'Marc Benioff', 'sfid': '0051t0000036KbSAAU'}, {'name': 'Partner Site Guest User', 'sfid': '0051t000002ujilAAA'}, {'name': 'Platform Integration User', 'sfid': '0051t000002ujjBAAQ'}, {'name': 'Quinton Engineer', 'sfid': '0051t000002ujigAAA'}, {'name': 'Roy Trenneman', 'sfid': '0051t0000035gXtAAI'}, {'name': 'Sly Resident', 'sfid': '0051t0000034bcaAAA'}, {'name': 'Steve Service', 'sfid': '0051t000002ujj5AAA'}, {'name': 'Sue Marketing', 'sfid': '0051t000002ujihAAA'}, {'name': 'Tim Service', 'sfid': '0051t000002ujieAAA'}, {'name': 'Tom Reseller', 'sfid': '0051t000002ujimAAA'}], 'columns': ['name', 'sfid']}}
{'2019-04-05 15:24:57.290','DEBUG',27017,rediscache.py:65-__getCache:-->Reading in Redis}
{'2019-04-05 15:28:24.560','DEBUG',28108,kafka_utils.py:42-<module>:-->KAFKA_PREFIX=gila-20117.}
{'2019-04-05 15:28:24.560','DEBUG',28108,kafka_utils.py:43-<module>:-->KAKFA_TOPIC_READ=topicRead}
{'2019-04-05 15:28:24.560','DEBUG',28108,kafka_utils.py:44-<module>:-->KAKFA_TOPIC_WRITE=topicWrite}
{'2019-04-05 15:28:24.561','DEBUG',28108,kafka_utils.py:45-<module>:-->KAFKA_GROUP_ID=gila-20117.my-consumer-group}
{'2019-04-05 15:28:24.563','INFO',28108,kafka_utils.py:90-receiveFromKafka:-->Will use topic = topicRead}
{'2019-04-05 15:28:25.383','DEBUG',28108,kafka_utils.py:132-receiveFromKafka:-->Topic:gila-20117.salesforce.push_notification__e}
{'2019-04-05 15:28:25.384','DEBUG',28108,kafka_utils.py:132-receiveFromKafka:-->Topic:gila-20117.salesforce.send_smss__e}
{'2019-04-05 15:28:25.384','DEBUG',28108,kafka_utils.py:132-receiveFromKafka:-->Topic:gila-20117.salesforce.host_accept_guest__e}
{'2019-04-05 15:28:25.384','DEBUG',28108,kafka_utils.py:134-receiveFromKafka:-->waiting ..}
{'2019-04-05 15:28:36.578','INFO',28109,postgres.py:27-<module>:-->2019-04-05 15:28:36.578897 - Initialization done Postgresql }
{'2019-04-05 15:28:36.653','DEBUG',28109,kafka_utils.py:42-<module>:-->KAFKA_PREFIX=gila-20117.}
{'2019-04-05 15:28:36.653','DEBUG',28109,kafka_utils.py:43-<module>:-->KAKFA_TOPIC_READ=topicRead}
{'2019-04-05 15:28:36.654','DEBUG',28109,kafka_utils.py:44-<module>:-->KAKFA_TOPIC_WRITE=topicWrite}
{'2019-04-05 15:28:36.654','DEBUG',28109,kafka_utils.py:45-<module>:-->KAFKA_GROUP_ID=gila-20117.my-consumer-group}
{'2019-04-05 15:28:36.679','INFO',28109,photo.py:21-<module>:-->Upload In Redis = False}
{'2019-04-05 15:28:36.905','DEBUG',28109,rabbitmq.py:34-init:-->Initialized : isOpen=True}
{'2019-04-05 15:28:36.906','INFO',28109,rabbitmq.py:43-<module>:-->2019-04-05 15:28:36.906030  - Initialization done RabbitMq}
{'2019-04-05 15:28:36.928','INFO',28109,rabbitmq.py:139-FACE_API_CALLBACK:-->{'id': 'd3f0add0-255c-4632-a617-1a7bf4b7a357', 'user-agent': 'Mozilla/5.0 (iPhone; CPU iPhone OS 12_1_4 like Mac OS X) AppleWebKit/605.1.15 (KHTML, like Gecko) Version/12.0 Mobile/15E148 Safari/604.1', 'url': 'http://192.168.1.39:5000/', 'image_width': 2320, 'image_height': 3088, 'cookie': '3be3a4e5-5ad5-4c42-a313-ef920a4484d5', 'UPLOAD_IN_REDIS': False, 'remote_url': 'https://bucketeer-ad74aded-29ae-4300-ac4a-2ed34f120de3.s3.eu-west-1.amazonaws.com/public/d3f0add0-255c-4632-a617-1a7bf4b7a357.jpg'}}
{'2019-04-05 15:28:36.930','INFO',28109,rabbitmq.py:141-FACE_API_CALLBACK:--> [x] Received id='d3f0add0-255c-4632-a617-1a7bf4b7a357'}
{'2019-04-05 15:28:36.930','DEBUG',28109,rabbitmq.py:164-FACE_API_CALLBACK:-->Starting Face API}
{'2019-04-05 15:28:37.180','ERROR',28109,faceapi.py:54-face_http:-->Error : returning an empty result}
{'2019-04-05 15:28:37.180','ERROR',28109,faceapi.py:55-face_http:-->{'error': {'code': 'Unspecified', 'message': 'Access denied due to invalid subscription key. Make sure you are subscribed to an API you are trying to call and provide the right key.'}}}
{'2019-04-05 15:28:37.180','DEBUG',28109,rabbitmq.py:166-FACE_API_CALLBACK:-->Face API Result : None}
{'2019-04-05 15:28:37.180','ERROR',28109,rabbitmq.py:168-FACE_API_CALLBACK:-->Can't  treat entry.}
{'2019-04-05 15:29:08.066','INFO',28116,postgres.py:27-<module>:-->2019-04-05 15:29:08.066059 - Initialization done Postgresql }
{'2019-04-05 15:29:08.136','DEBUG',28116,kafka_utils.py:42-<module>:-->KAFKA_PREFIX=gila-20117.}
{'2019-04-05 15:29:08.136','DEBUG',28116,kafka_utils.py:43-<module>:-->KAKFA_TOPIC_READ=topicRead}
{'2019-04-05 15:29:08.136','DEBUG',28116,kafka_utils.py:44-<module>:-->KAKFA_TOPIC_WRITE=topicWrite}
{'2019-04-05 15:29:08.136','DEBUG',28116,kafka_utils.py:45-<module>:-->KAFKA_GROUP_ID=gila-20117.my-consumer-group}
{'2019-04-05 15:29:08.155','INFO',28116,photo.py:21-<module>:-->Upload In Redis = False}
{'2019-04-05 15:29:08.388','DEBUG',28116,rabbitmq.py:34-init:-->Initialized : isOpen=True}
{'2019-04-05 15:29:08.388','INFO',28116,rabbitmq.py:43-<module>:-->2019-04-05 15:29:08.388777  - Initialization done RabbitMq}
{'2019-04-05 15:29:08.411','INFO',28116,rabbitmq.py:139-FACE_API_CALLBACK:-->{'id': 'd3f0add0-255c-4632-a617-1a7bf4b7a357', 'user-agent': 'Mozilla/5.0 (iPhone; CPU iPhone OS 12_1_4 like Mac OS X) AppleWebKit/605.1.15 (KHTML, like Gecko) Version/12.0 Mobile/15E148 Safari/604.1', 'url': 'http://192.168.1.39:5000/', 'image_width': 2320, 'image_height': 3088, 'cookie': '3be3a4e5-5ad5-4c42-a313-ef920a4484d5', 'UPLOAD_IN_REDIS': False, 'remote_url': 'https://bucketeer-ad74aded-29ae-4300-ac4a-2ed34f120de3.s3.eu-west-1.amazonaws.com/public/d3f0add0-255c-4632-a617-1a7bf4b7a357.jpg'}}
{'2019-04-05 15:29:08.413','INFO',28116,rabbitmq.py:141-FACE_API_CALLBACK:--> [x] Received id='d3f0add0-255c-4632-a617-1a7bf4b7a357'}
{'2019-04-05 15:29:08.413','DEBUG',28116,rabbitmq.py:164-FACE_API_CALLBACK:-->Starting Face API}
{'2019-04-05 15:29:10.892','DEBUG',28116,rabbitmq.py:166-FACE_API_CALLBACK:-->Face API Result : [{'faceId': '3bbe552d-1040-4a48-a05d-1d00650e04e4', 'faceRectangle': {'top': 1052, 'left': 397, 'width': 1305, 'height': 1305}, 'faceAttributes': {'smile': 0.187, 'headPose': {'pitch': 0.0, 'roll': -0.1, 'yaw': -1.3}, 'gender': 'male', 'age': 44.0, 'facialHair': {'moustache': 0.4, 'beard': 0.4, 'sideburns': 0.1}, 'glasses': 'NoGlasses', 'emotion': {'anger': 0.0, 'contempt': 0.0, 'disgust': 0.0, 'fear': 0.0, 'happiness': 0.187, 'neutral': 0.812, 'sadness': 0.0, 'surprise': 0.0}, 'blur': {'blurLevel': 'medium', 'value': 0.7}, 'exposure': {'exposureLevel': 'goodExposure', 'value': 0.62}, 'noise': {'noiseLevel': 'high', 'value': 0.71}, 'makeup': {'eyeMakeup': False, 'lipMakeup': False}, 'accessories': [], 'occlusion': {'foreheadOccluded': False, 'eyeOccluded': False, 'mouthOccluded': False}, 'hair': {'bald': 0.06, 'invisible': False, 'hairColor': [{'color': 'brown', 'confidence': 0.99}, {'color': 'black', 'confidence': 0.92}, {'color': 'gray', 'confidence': 0.29}, {'color': 'blond', 'confidence': 0.26}, {'color': 'other', 'confidence': 0.08}, {'color': 'red', 'confidence': 0.08}]}}}]}
{'2019-04-05 15:29:10.892','DEBUG',28116,rabbitmq.py:258-FACE_API_CALLBACK:-->{'MediaId__c': 'd3f0add0-255c-4632-a617-1a7bf4b7a357', 'image__c': 'https://bucketeer-ad74aded-29ae-4300-ac4a-2ed34f120de3.s3.eu-west-1.amazonaws.com/public/d3f0add0-255c-4632-a617-1a7bf4b7a357.jpg', 'UserAgent__c': 'Mozilla/5.0 (iPhone; CPU iPhone OS 12_1_4 like Mac OS X) AppleWebKit/605.1.15 (KHTML, like Gecko) Version/12.0 Mobile/15E148 Safari/604.1', 'URL__c': 'http://192.168.1.39:5000/', 'Name': '84ef791a-07fb-4887-9775-06cc7d72bba5', 'PersonId__c': '84ef791a-07fb-4887-9775-06cc7d72bba5', 'Gender__c': 'male', 'Age__c': 44, 'Smile_value__c': 0.187, 'eyemakeup__c': False, 'lipmakeup__c': False, 'Emotion_Value__c': 0.812, 'Smile__c': False, 'Glasses__c': False, 'Bald__c': False, 'ImageWidth__c': 2320, 'ImageHeight__c': 3088, 'FaceTop__c': 34, 'FaceLeft__c': 17, 'FaceWidth__c': 56, 'FaceHeight__c': 42, 'Haircolor__c': 'brown', 'Hair__c': 'brown', 'FacialHair__c': 'None', 'Emotion__c': 'neutral', 'Moustache__c': False, 'Beard__c': False, 'Anger__c': False, 'Contempt__c': False, 'Disgust__c': False, 'Fear__c': False, 'Happiness__c': True, 'Neutral__c': True, 'Sadness__c': False, 'Surprise__c': False, 'Description__c': '{"faceId":"3bbe552d-1040-4a48-a05d-1d00650e04e4","faceRectangle":{"top":1052,"left":397,"width":1305,"height":1305},"faceAttributes":{"smile":0.187,"headPose":{"pitch":0.0,"roll":-0.1,"yaw":-1.3},"gender":"male","age":44.0,"facialHair":{"moustache":0.4,"beard":0.4,"sideburns":0.1},"glasses":"NoGlasses","emotion":{"anger":0.0,"contempt":0.0,"disgust":0.0,"fear":0.0,"happiness":0.187,"neutral":0.812,"sadness":0.0,"surprise":0.0},"blur":{"blurLevel":"medium","value":0.7},"exposure":{"exposureLevel":"goodExposure","value":0.62},"noise":{"noiseLevel":"high","value":0.71},"makeup":{"eyeMakeup":false,"lipMakeup":false},"accessories":[],"occlusion":{"foreheadOccluded":false,"eyeOccluded":false,"mouthOccluded":false},"hair":{"bald":0.06,"invisible":false,"hairColor":[{"color":"brown","confidence":0.99},{"color":"black","confidence":0.92},{"color":"gray","confidence":0.29},{"color":"blond","confidence":0.26},{"color":"other","confidence":0.08},{"color":"red","confidence":0.08}]}}}'}}
{'2019-04-05 15:29:11.335','INFO',28116,rabbitmq.py:265-FACE_API_CALLBACK:--> [x] Finished id='d3f0add0-255c-4632-a617-1a7bf4b7a357'}
{'2019-04-05 15:31:47.534','INFO',29409,postgres.py:27-<module>:-->2019-04-05 15:31:47.534767 - Initialization done Postgresql }
{'2019-04-05 15:31:47.607','DEBUG',29409,kafka_utils.py:42-<module>:-->KAFKA_PREFIX=gila-20117.}
{'2019-04-05 15:31:47.607','DEBUG',29409,kafka_utils.py:43-<module>:-->KAKFA_TOPIC_READ=topicRead}
{'2019-04-05 15:31:47.607','DEBUG',29409,kafka_utils.py:44-<module>:-->KAKFA_TOPIC_WRITE=topicWrite}
{'2019-04-05 15:31:47.607','DEBUG',29409,kafka_utils.py:45-<module>:-->KAFKA_GROUP_ID=gila-20117.my-consumer-group}
{'2019-04-05 15:31:47.626','INFO',29409,photo.py:21-<module>:-->Upload In Redis = False}
{'2019-04-05 15:31:47.839','DEBUG',29409,rabbitmq.py:34-init:-->Initialized : isOpen=True}
{'2019-04-05 15:31:47.840','INFO',29409,rabbitmq.py:43-<module>:-->2019-04-05 15:31:47.840188  - Initialization done RabbitMq}
{'2019-04-05 15:31:47.863','INFO',29409,rabbitmq.py:139-FACE_API_CALLBACK:-->{'id': 'd3f0add0-255c-4632-a617-1a7bf4b7a357', 'user-agent': 'Mozilla/5.0 (iPhone; CPU iPhone OS 12_1_4 like Mac OS X) AppleWebKit/605.1.15 (KHTML, like Gecko) Version/12.0 Mobile/15E148 Safari/604.1', 'url': 'http://192.168.1.39:5000/', 'image_width': 2320, 'image_height': 3088, 'cookie': '3be3a4e5-5ad5-4c42-a313-ef920a4484d5', 'UPLOAD_IN_REDIS': False, 'remote_url': 'https://bucketeer-ad74aded-29ae-4300-ac4a-2ed34f120de3.s3.eu-west-1.amazonaws.com/public/d3f0add0-255c-4632-a617-1a7bf4b7a357.jpg'}}
{'2019-04-05 15:31:47.866','INFO',29409,rabbitmq.py:141-FACE_API_CALLBACK:--> [x] Received id='d3f0add0-255c-4632-a617-1a7bf4b7a357'}
{'2019-04-05 15:31:47.866','DEBUG',29409,rabbitmq.py:164-FACE_API_CALLBACK:-->Starting Face API}
{'2019-04-05 15:31:48.138','DEBUG',29409,rabbitmq.py:166-FACE_API_CALLBACK:-->Face API Result : [{'faceId': '3bbe552d-1040-4a48-a05d-1d00650e04e4', 'faceRectangle': {'top': 1052, 'left': 397, 'width': 1305, 'height': 1305}, 'faceAttributes': {'smile': 0.187, 'headPose': {'pitch': 0.0, 'roll': -0.1, 'yaw': -1.3}, 'gender': 'male', 'age': 44.0, 'facialHair': {'moustache': 0.4, 'beard': 0.4, 'sideburns': 0.1}, 'glasses': 'NoGlasses', 'emotion': {'anger': 0.0, 'contempt': 0.0, 'disgust': 0.0, 'fear': 0.0, 'happiness': 0.187, 'neutral': 0.812, 'sadness': 0.0, 'surprise': 0.0}, 'blur': {'blurLevel': 'medium', 'value': 0.7}, 'exposure': {'exposureLevel': 'goodExposure', 'value': 0.62}, 'noise': {'noiseLevel': 'high', 'value': 0.71}, 'makeup': {'eyeMakeup': False, 'lipMakeup': False}, 'accessories': [], 'occlusion': {'foreheadOccluded': False, 'eyeOccluded': False, 'mouthOccluded': False}, 'hair': {'bald': 0.06, 'invisible': False, 'hairColor': [{'color': 'brown', 'confidence': 0.99}, {'color': 'black', 'confidence': 0.92}, {'color': 'gray', 'confidence': 0.29}, {'color': 'blond', 'confidence': 0.26}, {'color': 'other', 'confidence': 0.08}, {'color': 'red', 'confidence': 0.08}]}}}]}
{'2019-04-05 15:31:48.138','DEBUG',29409,rabbitmq.py:258-FACE_API_CALLBACK:-->{'MediaId__c': 'd3f0add0-255c-4632-a617-1a7bf4b7a357', 'image__c': 'https://bucketeer-ad74aded-29ae-4300-ac4a-2ed34f120de3.s3.eu-west-1.amazonaws.com/public/d3f0add0-255c-4632-a617-1a7bf4b7a357.jpg', 'UserAgent__c': 'Mozilla/5.0 (iPhone; CPU iPhone OS 12_1_4 like Mac OS X) AppleWebKit/605.1.15 (KHTML, like Gecko) Version/12.0 Mobile/15E148 Safari/604.1', 'URL__c': 'http://192.168.1.39:5000/', 'Name': '103841f6-a83e-471a-9d47-a4f542326a5c', 'PersonId__c': '103841f6-a83e-471a-9d47-a4f542326a5c', 'Gender__c': 'male', 'Age__c': 44, 'Smile_value__c': 0.187, 'eyemakeup__c': False, 'lipmakeup__c': False, 'Emotion_Value__c': 0.812, 'Smile__c': False, 'Glasses__c': False, 'Bald__c': False, 'ImageWidth__c': 2320, 'ImageHeight__c': 3088, 'FaceTop__c': 34, 'FaceLeft__c': 17, 'FaceWidth__c': 56, 'FaceHeight__c': 42, 'Haircolor__c': 'brown', 'Hair__c': 'brown', 'FacialHair__c': 'None', 'Emotion__c': 'neutral', 'Moustache__c': False, 'Beard__c': False, 'Anger__c': False, 'Contempt__c': False, 'Disgust__c': False, 'Fear__c': False, 'Happiness__c': True, 'Neutral__c': True, 'Sadness__c': False, 'Surprise__c': False, 'Description__c': '{"faceId":"3bbe552d-1040-4a48-a05d-1d00650e04e4","faceRectangle":{"top":1052,"left":397,"width":1305,"height":1305},"faceAttributes":{"smile":0.187,"headPose":{"pitch":0.0,"roll":-0.1,"yaw":-1.3},"gender":"male","age":44.0,"facialHair":{"moustache":0.4,"beard":0.4,"sideburns":0.1},"glasses":"NoGlasses","emotion":{"anger":0.0,"contempt":0.0,"disgust":0.0,"fear":0.0,"happiness":0.187,"neutral":0.812,"sadness":0.0,"surprise":0.0},"blur":{"blurLevel":"medium","value":0.7},"exposure":{"exposureLevel":"goodExposure","value":0.62},"noise":{"noiseLevel":"high","value":0.71},"makeup":{"eyeMakeup":false,"lipMakeup":false},"accessories":[],"occlusion":{"foreheadOccluded":false,"eyeOccluded":false,"mouthOccluded":false},"hair":{"bald":0.06,"invisible":false,"hairColor":[{"color":"brown","confidence":0.99},{"color":"black","confidence":0.92},{"color":"gray","confidence":0.29},{"color":"blond","confidence":0.26},{"color":"other","confidence":0.08},{"color":"red","confidence":0.08}]}}}'}}
{'2019-04-05 15:31:48.560','INFO',29409,rabbitmq.py:265-FACE_API_CALLBACK:--> [x] Finished id='d3f0add0-255c-4632-a617-1a7bf4b7a357'}
{'2019-04-05 15:32:11.443','INFO',29432,postgres.py:27-<module>:-->2019-04-05 15:32:11.443225 - Initialization done Postgresql }
{'2019-04-05 15:32:11.515','DEBUG',29432,kafka_utils.py:42-<module>:-->KAFKA_PREFIX=gila-20117.}
{'2019-04-05 15:32:11.515','DEBUG',29432,kafka_utils.py:43-<module>:-->KAKFA_TOPIC_READ=topicRead}
{'2019-04-05 15:32:11.515','DEBUG',29432,kafka_utils.py:44-<module>:-->KAKFA_TOPIC_WRITE=topicWrite}
{'2019-04-05 15:32:11.515','DEBUG',29432,kafka_utils.py:45-<module>:-->KAFKA_GROUP_ID=gila-20117.my-consumer-group}
{'2019-04-05 15:32:11.535','INFO',29432,photo.py:21-<module>:-->Upload In Redis = False}
{'2019-04-05 15:32:11.856','DEBUG',29432,rabbitmq.py:34-init:-->Initialized : isOpen=True}
{'2019-04-05 15:32:11.857','INFO',29432,rabbitmq.py:43-<module>:-->2019-04-05 15:32:11.856983  - Initialization done RabbitMq}
{'2019-04-05 15:32:11.882','INFO',29432,rabbitmq.py:139-FACE_API_CALLBACK:-->{'id': 'd3f0add0-255c-4632-a617-1a7bf4b7a357', 'user-agent': 'Mozilla/5.0 (iPhone; CPU iPhone OS 12_1_4 like Mac OS X) AppleWebKit/605.1.15 (KHTML, like Gecko) Version/12.0 Mobile/15E148 Safari/604.1', 'url': 'http://192.168.1.39:5000/', 'image_width': 2320, 'image_height': 3088, 'cookie': '3be3a4e5-5ad5-4c42-a313-ef920a4484d5', 'UPLOAD_IN_REDIS': False, 'remote_url': 'https://bucketeer-ad74aded-29ae-4300-ac4a-2ed34f120de3.s3.eu-west-1.amazonaws.com/public/d3f0add0-255c-4632-a617-1a7bf4b7a357.jpg'}}
{'2019-04-05 15:32:11.882','INFO',29432,rabbitmq.py:141-FACE_API_CALLBACK:--> [x] Received id='d3f0add0-255c-4632-a617-1a7bf4b7a357'}
{'2019-04-05 15:32:11.883','DEBUG',29432,rabbitmq.py:164-FACE_API_CALLBACK:-->Starting Face API}
{'2019-04-05 15:32:12.001','DEBUG',29432,rabbitmq.py:166-FACE_API_CALLBACK:-->Face API Result : [{'faceId': '3bbe552d-1040-4a48-a05d-1d00650e04e4', 'faceRectangle': {'top': 1052, 'left': 397, 'width': 1305, 'height': 1305}, 'faceAttributes': {'smile': 0.187, 'headPose': {'pitch': 0.0, 'roll': -0.1, 'yaw': -1.3}, 'gender': 'male', 'age': 44.0, 'facialHair': {'moustache': 0.4, 'beard': 0.4, 'sideburns': 0.1}, 'glasses': 'NoGlasses', 'emotion': {'anger': 0.0, 'contempt': 0.0, 'disgust': 0.0, 'fear': 0.0, 'happiness': 0.187, 'neutral': 0.812, 'sadness': 0.0, 'surprise': 0.0}, 'blur': {'blurLevel': 'medium', 'value': 0.7}, 'exposure': {'exposureLevel': 'goodExposure', 'value': 0.62}, 'noise': {'noiseLevel': 'high', 'value': 0.71}, 'makeup': {'eyeMakeup': False, 'lipMakeup': False}, 'accessories': [], 'occlusion': {'foreheadOccluded': False, 'eyeOccluded': False, 'mouthOccluded': False}, 'hair': {'bald': 0.06, 'invisible': False, 'hairColor': [{'color': 'brown', 'confidence': 0.99}, {'color': 'black', 'confidence': 0.92}, {'color': 'gray', 'confidence': 0.29}, {'color': 'blond', 'confidence': 0.26}, {'color': 'other', 'confidence': 0.08}, {'color': 'red', 'confidence': 0.08}]}}}]}
{'2019-04-05 15:32:12.002','DEBUG',29432,rabbitmq.py:258-FACE_API_CALLBACK:-->{'MediaId__c': 'd3f0add0-255c-4632-a617-1a7bf4b7a357', 'image__c': 'https://bucketeer-ad74aded-29ae-4300-ac4a-2ed34f120de3.s3.eu-west-1.amazonaws.com/public/d3f0add0-255c-4632-a617-1a7bf4b7a357.jpg', 'UserAgent__c': 'Mozilla/5.0 (iPhone; CPU iPhone OS 12_1_4 like Mac OS X) AppleWebKit/605.1.15 (KHTML, like Gecko) Version/12.0 Mobile/15E148 Safari/604.1', 'URL__c': 'http://192.168.1.39:5000/', 'Name': '34394443-8b1f-4d26-ac5b-8e6621cc7a72', 'PersonId__c': '34394443-8b1f-4d26-ac5b-8e6621cc7a72', 'Gender__c': 'male', 'Age__c': 44, 'Smile_value__c': 0.187, 'eyemakeup__c': False, 'lipmakeup__c': False, 'Emotion_Value__c': 0.812, 'Smile__c': False, 'Glasses__c': False, 'Bald__c': False, 'ImageWidth__c': 2320, 'ImageHeight__c': 3088, 'FaceTop__c': 34, 'FaceLeft__c': 17, 'FaceWidth__c': 56, 'FaceHeight__c': 42, 'Haircolor__c': 'brown', 'Hair__c': 'brown', 'FacialHair__c': 'None', 'Emotion__c': 'neutral', 'Moustache__c': False, 'Beard__c': False, 'Anger__c': False, 'Contempt__c': False, 'Disgust__c': False, 'Fear__c': False, 'Happiness__c': True, 'Neutral__c': True, 'Sadness__c': False, 'Surprise__c': False, 'Description__c': '{"faceId":"3bbe552d-1040-4a48-a05d-1d00650e04e4","faceRectangle":{"top":1052,"left":397,"width":1305,"height":1305},"faceAttributes":{"smile":0.187,"headPose":{"pitch":0.0,"roll":-0.1,"yaw":-1.3},"gender":"male","age":44.0,"facialHair":{"moustache":0.4,"beard":0.4,"sideburns":0.1},"glasses":"NoGlasses","emotion":{"anger":0.0,"contempt":0.0,"disgust":0.0,"fear":0.0,"happiness":0.187,"neutral":0.812,"sadness":0.0,"surprise":0.0},"blur":{"blurLevel":"medium","value":0.7},"exposure":{"exposureLevel":"goodExposure","value":0.62},"noise":{"noiseLevel":"high","value":0.71},"makeup":{"eyeMakeup":false,"lipMakeup":false},"accessories":[],"occlusion":{"foreheadOccluded":false,"eyeOccluded":false,"mouthOccluded":false},"hair":{"bald":0.06,"invisible":false,"hairColor":[{"color":"brown","confidence":0.99},{"color":"black","confidence":0.92},{"color":"gray","confidence":0.29},{"color":"blond","confidence":0.26},{"color":"other","confidence":0.08},{"color":"red","confidence":0.08}]}}}'}}
{'2019-04-05 15:32:12.423','INFO',29432,rabbitmq.py:265-FACE_API_CALLBACK:--> [x] Finished id='d3f0add0-255c-4632-a617-1a7bf4b7a357'}
{'2019-04-05 15:32:12.423','INFO',29432,rabbitmq.py:139-FACE_API_CALLBACK:-->{'id': '05058b80-02bc-4dd4-b397-e57e66192b67', 'user-agent': 'Mozilla/5.0 (iPhone; CPU iPhone OS 12_1_4 like Mac OS X) AppleWebKit/605.1.15 (KHTML, like Gecko) Version/12.0 Mobile/15E148 Safari/604.1', 'url': 'https://yourdemo.herokuapp.com/', 'image_width': 2320, 'image_height': 3088, 'cookie': 'c9c8ad44-db05-48f2-af88-723630222ebb', 'UPLOAD_IN_REDIS': False, 'remote_url': 'https://bucketeer-ad74aded-29ae-4300-ac4a-2ed34f120de3.s3.eu-west-1.amazonaws.com/public/05058b80-02bc-4dd4-b397-e57e66192b67.jpg'}}
{'2019-04-05 15:32:12.424','INFO',29432,rabbitmq.py:141-FACE_API_CALLBACK:--> [x] Received id='05058b80-02bc-4dd4-b397-e57e66192b67'}
{'2019-04-05 15:32:12.424','DEBUG',29432,rabbitmq.py:164-FACE_API_CALLBACK:-->Starting Face API}
{'2019-04-05 15:32:14.684','DEBUG',29432,rabbitmq.py:166-FACE_API_CALLBACK:-->Face API Result : [{'faceId': 'cb7c928e-9fe6-48c6-8457-e1a0ccacab0d', 'faceRectangle': {'top': 992, 'left': 502, 'width': 1177, 'height': 1177}, 'faceAttributes': {'smile': 0.31, 'headPose': {'pitch': 0.0, 'roll': -2.2, 'yaw': 0.2}, 'gender': 'male', 'age': 39.0, 'facialHair': {'moustache': 0.4, 'beard': 0.4, 'sideburns': 0.4}, 'glasses': 'NoGlasses', 'emotion': {'anger': 0.0, 'contempt': 0.0, 'disgust': 0.0, 'fear': 0.0, 'happiness': 0.31, 'neutral': 0.689, 'sadness': 0.0, 'surprise': 0.0}, 'blur': {'blurLevel': 'medium', 'value': 0.51}, 'exposure': {'exposureLevel': 'goodExposure', 'value': 0.62}, 'noise': {'noiseLevel': 'high', 'value': 0.84}, 'makeup': {'eyeMakeup': False, 'lipMakeup': False}, 'accessories': [], 'occlusion': {'foreheadOccluded': False, 'eyeOccluded': False, 'mouthOccluded': False}, 'hair': {'bald': 0.07, 'invisible': False, 'hairColor': [{'color': 'brown', 'confidence': 1.0}, {'color': 'black', 'confidence': 0.83}, {'color': 'blond', 'confidence': 0.3}, {'color': 'gray', 'confidence': 0.18}, {'color': 'red', 'confidence': 0.13}, {'color': 'other', 'confidence': 0.04}]}}}]}
{'2019-04-05 15:32:14.688','DEBUG',29432,rabbitmq.py:258-FACE_API_CALLBACK:-->{'MediaId__c': '05058b80-02bc-4dd4-b397-e57e66192b67', 'image__c': 'https://bucketeer-ad74aded-29ae-4300-ac4a-2ed34f120de3.s3.eu-west-1.amazonaws.com/public/05058b80-02bc-4dd4-b397-e57e66192b67.jpg', 'UserAgent__c': 'Mozilla/5.0 (iPhone; CPU iPhone OS 12_1_4 like Mac OS X) AppleWebKit/605.1.15 (KHTML, like Gecko) Version/12.0 Mobile/15E148 Safari/604.1', 'URL__c': 'https://yourdemo.herokuapp.com/', 'Name': '77d7c6d7-72e8-441d-8f36-3daab754bd72', 'PersonId__c': '77d7c6d7-72e8-441d-8f36-3daab754bd72', 'Gender__c': 'male', 'Age__c': 39, 'Smile_value__c': 0.31, 'eyemakeup__c': False, 'lipmakeup__c': False, 'Emotion_Value__c': 0.689, 'Smile__c': False, 'Glasses__c': False, 'Bald__c': False, 'ImageWidth__c': 2320, 'ImageHeight__c': 3088, 'FaceTop__c': 32, 'FaceLeft__c': 21, 'FaceWidth__c': 50, 'FaceHeight__c': 38, 'Haircolor__c': 'brown', 'Hair__c': 'brown', 'FacialHair__c': 'None', 'Emotion__c': 'neutral', 'Moustache__c': False, 'Beard__c': False, 'Anger__c': False, 'Contempt__c': False, 'Disgust__c': False, 'Fear__c': False, 'Happiness__c': True, 'Neutral__c': True, 'Sadness__c': False, 'Surprise__c': False, 'Description__c': '{"faceId":"cb7c928e-9fe6-48c6-8457-e1a0ccacab0d","faceRectangle":{"top":992,"left":502,"width":1177,"height":1177},"faceAttributes":{"smile":0.31,"headPose":{"pitch":0.0,"roll":-2.2,"yaw":0.2},"gender":"male","age":39.0,"facialHair":{"moustache":0.4,"beard":0.4,"sideburns":0.4},"glasses":"NoGlasses","emotion":{"anger":0.0,"contempt":0.0,"disgust":0.0,"fear":0.0,"happiness":0.31,"neutral":0.689,"sadness":0.0,"surprise":0.0},"blur":{"blurLevel":"medium","value":0.51},"exposure":{"exposureLevel":"goodExposure","value":0.62},"noise":{"noiseLevel":"high","value":0.84},"makeup":{"eyeMakeup":false,"lipMakeup":false},"accessories":[],"occlusion":{"foreheadOccluded":false,"eyeOccluded":false,"mouthOccluded":false},"hair":{"bald":0.07,"invisible":false,"hairColor":[{"color":"brown","confidence":1.0},{"color":"black","confidence":0.83},{"color":"blond","confidence":0.3},{"color":"gray","confidence":0.18},{"color":"red","confidence":0.13},{"color":"other","confidence":0.04}]}}}'}}
{'2019-04-05 15:32:14.752','INFO',29432,rabbitmq.py:265-FACE_API_CALLBACK:--> [x] Finished id='05058b80-02bc-4dd4-b397-e57e66192b67'}
{'2019-04-05 15:36:54.547','INFO',29611,postgres.py:27-<module>:-->2019-04-05 15:36:54.547414 - Initialization done Postgresql }
{'2019-04-05 15:36:54.655','DEBUG',29611,kafka_utils.py:42-<module>:-->KAFKA_PREFIX=gila-20117.}
{'2019-04-05 15:36:54.655','DEBUG',29611,kafka_utils.py:43-<module>:-->KAKFA_TOPIC_READ=topicRead}
{'2019-04-05 15:36:54.655','DEBUG',29611,kafka_utils.py:44-<module>:-->KAKFA_TOPIC_WRITE=topicWrite}
{'2019-04-05 15:36:54.655','DEBUG',29611,kafka_utils.py:45-<module>:-->KAFKA_GROUP_ID=gila-20117.my-consumer-group}
{'2019-04-05 15:36:54.683','INFO',29611,photo.py:21-<module>:-->Upload In Redis = False}
{'2019-04-05 15:36:54.923','DEBUG',29611,rabbitmq.py:34-init:-->Initialized : isOpen=True}
{'2019-04-05 15:36:54.923','INFO',29611,rabbitmq.py:43-<module>:-->2019-04-05 15:36:54.923516  - Initialization done RabbitMq}
{'2019-04-05 15:36:54.925','DEBUG',29611,rabbitmq.py:86-sendMessage:-->[x] sent}
{'2019-04-05 15:36:54.927','DEBUG',29611,rabbitmq.py:86-sendMessage:-->[x] sent}
{'2019-04-05 15:36:54.928','DEBUG',29611,rabbitmq.py:86-sendMessage:-->[x] sent}
{'2019-04-05 15:36:54.928','DEBUG',29611,rabbitmq.py:86-sendMessage:-->[x] sent}
{'2019-04-05 15:36:54.929','DEBUG',29611,rabbitmq.py:86-sendMessage:-->[x] sent}
{'2019-04-05 15:36:54.929','DEBUG',29611,rabbitmq.py:86-sendMessage:-->[x] sent}
{'2019-04-05 15:36:54.930','DEBUG',29611,rabbitmq.py:86-sendMessage:-->[x] sent}
{'2019-04-05 15:36:54.931','DEBUG',29611,rabbitmq.py:86-sendMessage:-->[x] sent}
{'2019-04-05 15:36:54.931','DEBUG',29611,rabbitmq.py:86-sendMessage:-->[x] sent}
{'2019-04-05 15:36:54.931','DEBUG',29611,rabbitmq.py:86-sendMessage:-->[x] sent}
{'2019-04-05 15:36:54.932','DEBUG',29611,rabbitmq.py:86-sendMessage:-->[x] sent}
{'2019-04-05 15:36:54.932','DEBUG',29611,rabbitmq.py:86-sendMessage:-->[x] sent}
{'2019-04-05 15:36:54.933','DEBUG',29611,rabbitmq.py:86-sendMessage:-->[x] sent}
{'2019-04-05 15:36:54.933','DEBUG',29611,rabbitmq.py:86-sendMessage:-->[x] sent}
{'2019-04-05 15:36:54.934','DEBUG',29611,rabbitmq.py:86-sendMessage:-->[x] sent}
{'2019-04-05 15:36:54.934','DEBUG',29611,rabbitmq.py:86-sendMessage:-->[x] sent}
{'2019-04-05 15:36:54.934','DEBUG',29611,rabbitmq.py:86-sendMessage:-->[x] sent}
{'2019-04-05 15:36:54.935','DEBUG',29611,rabbitmq.py:86-sendMessage:-->[x] sent}
{'2019-04-05 15:36:54.935','DEBUG',29611,rabbitmq.py:86-sendMessage:-->[x] sent}
{'2019-04-05 15:36:54.935','DEBUG',29611,rabbitmq.py:86-sendMessage:-->[x] sent}
{'2019-04-05 15:36:54.936','DEBUG',29611,rabbitmq.py:86-sendMessage:-->[x] sent}
{'2019-04-05 15:36:54.936','DEBUG',29611,rabbitmq.py:86-sendMessage:-->[x] sent}
{'2019-04-05 15:36:54.936','DEBUG',29611,rabbitmq.py:86-sendMessage:-->[x] sent}
{'2019-04-05 15:36:54.937','DEBUG',29611,rabbitmq.py:86-sendMessage:-->[x] sent}
{'2019-04-05 15:36:54.937','DEBUG',29611,rabbitmq.py:86-sendMessage:-->[x] sent}
{'2019-04-05 15:36:54.937','DEBUG',29611,rabbitmq.py:86-sendMessage:-->[x] sent}
{'2019-04-05 15:36:54.938','DEBUG',29611,rabbitmq.py:86-sendMessage:-->[x] sent}
{'2019-04-05 15:36:54.938','DEBUG',29611,rabbitmq.py:86-sendMessage:-->[x] sent}
{'2019-04-05 15:36:54.938','DEBUG',29611,rabbitmq.py:86-sendMessage:-->[x] sent}
{'2019-04-05 15:36:54.939','DEBUG',29611,rabbitmq.py:86-sendMessage:-->[x] sent}
{'2019-04-05 15:38:41.560','INFO',29644,postgres.py:27-<module>:-->2019-04-05 15:38:41.560002 - Initialization done Postgresql }
{'2019-04-05 15:38:41.694','DEBUG',29644,kafka_utils.py:42-<module>:-->KAFKA_PREFIX=gila-20117.}
{'2019-04-05 15:38:41.694','DEBUG',29644,kafka_utils.py:43-<module>:-->KAKFA_TOPIC_READ=topicRead}
{'2019-04-05 15:38:41.694','DEBUG',29644,kafka_utils.py:44-<module>:-->KAKFA_TOPIC_WRITE=topicWrite}
{'2019-04-05 15:38:41.694','DEBUG',29644,kafka_utils.py:45-<module>:-->KAFKA_GROUP_ID=gila-20117.my-consumer-group}
{'2019-04-05 15:38:41.739','INFO',29644,photo.py:21-<module>:-->Upload In Redis = False}
{'2019-04-05 15:38:41.987','DEBUG',29644,rabbitmq.py:34-init:-->Initialized : isOpen=True}
{'2019-04-05 15:38:41.987','INFO',29644,rabbitmq.py:43-<module>:-->2019-04-05 15:38:41.987638  - Initialization done RabbitMq}
{'2019-04-05 15:38:41.988','DEBUG',29644,rabbitmq.py:86-sendMessage:-->[x] sent}
{'2019-04-05 15:38:41.988','DEBUG',29644,rabbitmq.py:86-sendMessage:-->[x] sent}
{'2019-04-05 15:38:41.989','DEBUG',29644,rabbitmq.py:86-sendMessage:-->[x] sent}
{'2019-04-05 15:38:41.989','DEBUG',29644,rabbitmq.py:86-sendMessage:-->[x] sent}
{'2019-04-05 15:38:41.989','DEBUG',29644,rabbitmq.py:86-sendMessage:-->[x] sent}
{'2019-04-05 15:38:41.989','DEBUG',29644,rabbitmq.py:86-sendMessage:-->[x] sent}
{'2019-04-05 15:38:41.990','DEBUG',29644,rabbitmq.py:86-sendMessage:-->[x] sent}
{'2019-04-05 15:38:41.990','DEBUG',29644,rabbitmq.py:86-sendMessage:-->[x] sent}
{'2019-04-05 15:38:41.990','DEBUG',29644,rabbitmq.py:86-sendMessage:-->[x] sent}
{'2019-04-05 15:38:41.991','DEBUG',29644,rabbitmq.py:86-sendMessage:-->[x] sent}
{'2019-04-05 15:38:41.991','DEBUG',29644,rabbitmq.py:86-sendMessage:-->[x] sent}
{'2019-04-05 15:38:41.991','DEBUG',29644,rabbitmq.py:86-sendMessage:-->[x] sent}
{'2019-04-05 15:38:41.992','DEBUG',29644,rabbitmq.py:86-sendMessage:-->[x] sent}
{'2019-04-05 15:38:41.992','DEBUG',29644,rabbitmq.py:86-sendMessage:-->[x] sent}
{'2019-04-05 15:38:41.992','DEBUG',29644,rabbitmq.py:86-sendMessage:-->[x] sent}
{'2019-04-05 15:38:41.992','DEBUG',29644,rabbitmq.py:86-sendMessage:-->[x] sent}
{'2019-04-05 15:38:41.993','DEBUG',29644,rabbitmq.py:86-sendMessage:-->[x] sent}
{'2019-04-05 15:38:41.993','DEBUG',29644,rabbitmq.py:86-sendMessage:-->[x] sent}
{'2019-04-05 15:38:41.993','DEBUG',29644,rabbitmq.py:86-sendMessage:-->[x] sent}
{'2019-04-05 15:38:41.994','DEBUG',29644,rabbitmq.py:86-sendMessage:-->[x] sent}
{'2019-04-05 15:38:41.994','DEBUG',29644,rabbitmq.py:86-sendMessage:-->[x] sent}
{'2019-04-05 15:38:41.994','DEBUG',29644,rabbitmq.py:86-sendMessage:-->[x] sent}
{'2019-04-05 15:38:41.994','DEBUG',29644,rabbitmq.py:86-sendMessage:-->[x] sent}
{'2019-04-05 15:38:41.995','DEBUG',29644,rabbitmq.py:86-sendMessage:-->[x] sent}
{'2019-04-05 15:38:41.995','DEBUG',29644,rabbitmq.py:86-sendMessage:-->[x] sent}
{'2019-04-05 15:38:41.995','DEBUG',29644,rabbitmq.py:86-sendMessage:-->[x] sent}
{'2019-04-05 15:38:41.996','DEBUG',29644,rabbitmq.py:86-sendMessage:-->[x] sent}
{'2019-04-05 15:38:41.996','DEBUG',29644,rabbitmq.py:86-sendMessage:-->[x] sent}
{'2019-04-05 15:38:41.996','DEBUG',29644,rabbitmq.py:86-sendMessage:-->[x] sent}
{'2019-04-05 15:38:41.996','DEBUG',29644,rabbitmq.py:86-sendMessage:-->[x] sent}
{'2019-04-05 15:44:45.196','INFO',29860,postgres.py:27-<module>:-->2019-04-05 15:44:45.196761 - Initialization done Postgresql }
{'2019-04-05 15:44:45.312','DEBUG',29860,kafka_utils.py:42-<module>:-->KAFKA_PREFIX=gila-20117.}
{'2019-04-05 15:44:45.312','DEBUG',29860,kafka_utils.py:43-<module>:-->KAKFA_TOPIC_READ=topicRead}
{'2019-04-05 15:44:45.312','DEBUG',29860,kafka_utils.py:44-<module>:-->KAKFA_TOPIC_WRITE=topicWrite}
{'2019-04-05 15:44:45.312','DEBUG',29860,kafka_utils.py:45-<module>:-->KAFKA_GROUP_ID=gila-20117.my-consumer-group}
{'2019-04-05 15:44:45.344','INFO',29860,photo.py:21-<module>:-->Upload In Redis = False}
{'2019-04-05 15:44:45.603','DEBUG',29860,rabbitmq.py:34-init:-->Initialized : isOpen=True}
{'2019-04-05 15:44:45.604','INFO',29860,rabbitmq.py:43-<module>:-->2019-04-05 15:44:45.603962  - Initialization done RabbitMq}
{'2019-04-05 15:44:45.606','DEBUG',29860,rabbitmq.py:86-sendMessage:-->[x] sent}
{'2019-04-05 15:45:37.239','INFO',29913,postgres.py:27-<module>:-->2019-04-05 15:45:37.239111 - Initialization done Postgresql }
{'2019-04-05 15:45:37.346','DEBUG',29913,kafka_utils.py:42-<module>:-->KAFKA_PREFIX=gila-20117.}
{'2019-04-05 15:45:37.346','DEBUG',29913,kafka_utils.py:43-<module>:-->KAKFA_TOPIC_READ=topicRead}
{'2019-04-05 15:45:37.346','DEBUG',29913,kafka_utils.py:44-<module>:-->KAKFA_TOPIC_WRITE=topicWrite}
{'2019-04-05 15:45:37.346','DEBUG',29913,kafka_utils.py:45-<module>:-->KAFKA_GROUP_ID=gila-20117.my-consumer-group}
{'2019-04-05 15:45:37.376','INFO',29913,photo.py:21-<module>:-->Upload In Redis = False}
{'2019-04-05 15:45:37.597','DEBUG',29913,rabbitmq.py:34-init:-->Initialized : isOpen=True}
{'2019-04-05 15:45:37.598','INFO',29913,rabbitmq.py:43-<module>:-->2019-04-05 15:45:37.598308  - Initialization done RabbitMq}
{'2019-04-05 15:45:37.621','INFO',29913,rabbitmq.py:139-FACE_API_CALLBACK:-->{'id': '876327f6-35a1-43e6-8d46-3dcadab623f7', 'user-agent': 'Mozilla/5.0 (iPhone; CPU iPhone OS 12_1_4 like Mac OS X) AppleWebKit/605.1.15 (KHTML, like Gecko) Version/12.0 Mobile/15E148 Safari/604.1', 'url': 'https://yourdemo.herokuapp.com/', 'image_width': 2320, 'image_height': 3088, 'cookie': 'f482e8e3-9b64-46b7-9cab-e4fc33ca5f17', 'UPLOAD_IN_REDIS': False, 'remote_url': 'https://bucketeer-ad74aded-29ae-4300-ac4a-2ed34f120de3.s3.eu-west-1.amazonaws.com/public/876327f6-35a1-43e6-8d46-3dcadab623f7.jpg'}}
{'2019-04-05 15:45:37.624','INFO',29913,rabbitmq.py:141-FACE_API_CALLBACK:--> [x] Received id='876327f6-35a1-43e6-8d46-3dcadab623f7'}
{'2019-04-05 15:45:37.624','DEBUG',29913,rabbitmq.py:164-FACE_API_CALLBACK:-->Starting Face API}
{'2019-04-05 15:45:39.570','DEBUG',29913,rabbitmq.py:166-FACE_API_CALLBACK:-->Face API Result : [{'faceId': '7bd23ee2-1fcc-462b-bdcc-ab7cfc2639d7', 'faceRectangle': {'top': 971, 'left': 575, 'width': 1014, 'height': 1014}, 'faceAttributes': {'smile': 1.0, 'headPose': {'pitch': 0.0, 'roll': -0.3, 'yaw': -3.6}, 'gender': 'male', 'age': 40.0, 'facialHair': {'moustache': 0.4, 'beard': 0.1, 'sideburns': 0.1}, 'glasses': 'NoGlasses', 'emotion': {'anger': 0.0, 'contempt': 0.0, 'disgust': 0.0, 'fear': 0.0, 'happiness': 1.0, 'neutral': 0.0, 'sadness': 0.0, 'surprise': 0.0}, 'blur': {'blurLevel': 'high', 'value': 0.85}, 'exposure': {'exposureLevel': 'goodExposure', 'value': 0.67}, 'noise': {'noiseLevel': 'medium', 'value': 0.67}, 'makeup': {'eyeMakeup': False, 'lipMakeup': False}, 'accessories': [], 'occlusion': {'foreheadOccluded': False, 'eyeOccluded': False, 'mouthOccluded': False}, 'hair': {'bald': 0.11, 'invisible': False, 'hairColor': [{'color': 'brown', 'confidence': 0.99}, {'color': 'black', 'confidence': 0.79}, {'color': 'blond', 'confidence': 0.44}, {'color': 'gray', 'confidence': 0.2}, {'color': 'red', 'confidence': 0.14}, {'color': 'other', 'confidence': 0.06}]}}}]}
{'2019-04-05 15:45:39.571','DEBUG',29913,rabbitmq.py:258-FACE_API_CALLBACK:-->{'MediaId__c': '876327f6-35a1-43e6-8d46-3dcadab623f7', 'image__c': 'https://bucketeer-ad74aded-29ae-4300-ac4a-2ed34f120de3.s3.eu-west-1.amazonaws.com/public/876327f6-35a1-43e6-8d46-3dcadab623f7.jpg', 'UserAgent__c': 'Mozilla/5.0 (iPhone; CPU iPhone OS 12_1_4 like Mac OS X) AppleWebKit/605.1.15 (KHTML, like Gecko) Version/12.0 Mobile/15E148 Safari/604.1', 'URL__c': 'https://yourdemo.herokuapp.com/', 'Name': '3d54bef1-9209-4fcf-a1a3-6e7b38c01130', 'PersonId__c': '3d54bef1-9209-4fcf-a1a3-6e7b38c01130', 'Gender__c': 'male', 'Age__c': 40, 'Smile_value__c': 1.0, 'eyemakeup__c': False, 'lipmakeup__c': False, 'Emotion_Value__c': 1.0, 'Smile__c': True, 'Glasses__c': False, 'Bald__c': False, 'ImageWidth__c': 2320, 'ImageHeight__c': 3088, 'FaceTop__c': 31, 'FaceLeft__c': 24, 'FaceWidth__c': 43, 'FaceHeight__c': 32, 'Haircolor__c': 'brown', 'Hair__c': 'brown', 'FacialHair__c': 'None', 'Emotion__c': 'happiness', 'Moustache__c': False, 'Beard__c': False, 'Anger__c': False, 'Contempt__c': False, 'Disgust__c': False, 'Fear__c': False, 'Happiness__c': True, 'Neutral__c': False, 'Sadness__c': False, 'Surprise__c': False, 'Description__c': '{"faceId":"7bd23ee2-1fcc-462b-bdcc-ab7cfc2639d7","faceRectangle":{"top":971,"left":575,"width":1014,"height":1014},"faceAttributes":{"smile":1.0,"headPose":{"pitch":0.0,"roll":-0.3,"yaw":-3.6},"gender":"male","age":40.0,"facialHair":{"moustache":0.4,"beard":0.1,"sideburns":0.1},"glasses":"NoGlasses","emotion":{"anger":0.0,"contempt":0.0,"disgust":0.0,"fear":0.0,"happiness":1.0,"neutral":0.0,"sadness":0.0,"surprise":0.0},"blur":{"blurLevel":"high","value":0.85},"exposure":{"exposureLevel":"goodExposure","value":0.67},"noise":{"noiseLevel":"medium","value":0.67},"makeup":{"eyeMakeup":false,"lipMakeup":false},"accessories":[],"occlusion":{"foreheadOccluded":false,"eyeOccluded":false,"mouthOccluded":false},"hair":{"bald":0.11,"invisible":false,"hairColor":[{"color":"brown","confidence":0.99},{"color":"black","confidence":0.79},{"color":"blond","confidence":0.44},{"color":"gray","confidence":0.2},{"color":"red","confidence":0.14},{"color":"other","confidence":0.06}]}}}'}}
{'2019-04-05 15:45:40.032','INFO',29913,rabbitmq.py:265-FACE_API_CALLBACK:--> [x] Finished id='876327f6-35a1-43e6-8d46-3dcadab623f7'}
{'2019-04-05 15:45:53.898','INFO',29925,postgres.py:27-<module>:-->2019-04-05 15:45:53.898018 - Initialization done Postgresql }
{'2019-04-05 15:45:53.963','DEBUG',29925,kafka_utils.py:42-<module>:-->KAFKA_PREFIX=gila-20117.}
{'2019-04-05 15:45:53.963','DEBUG',29925,kafka_utils.py:43-<module>:-->KAKFA_TOPIC_READ=topicRead}
{'2019-04-05 15:45:53.963','DEBUG',29925,kafka_utils.py:44-<module>:-->KAKFA_TOPIC_WRITE=topicWrite}
{'2019-04-05 15:45:53.963','DEBUG',29925,kafka_utils.py:45-<module>:-->KAFKA_GROUP_ID=gila-20117.my-consumer-group}
{'2019-04-05 15:45:53.980','INFO',29925,photo.py:21-<module>:-->Upload In Redis = False}
{'2019-04-05 15:45:54.193','DEBUG',29925,rabbitmq.py:34-init:-->Initialized : isOpen=True}
{'2019-04-05 15:45:54.193','INFO',29925,rabbitmq.py:43-<module>:-->2019-04-05 15:45:54.193443  - Initialization done RabbitMq}
{'2019-04-05 15:45:54.194','DEBUG',29925,rabbitmq.py:86-sendMessage:-->[x] sent}
{'2019-04-05 15:45:54.213','INFO',29913,rabbitmq.py:139-FACE_API_CALLBACK:-->{'id': '876327f6-35a1-43e6-8d46-3dcadab623f7', 'user-agent': 'Mozilla/5.0 (iPhone; CPU iPhone OS 12_1_4 like Mac OS X) AppleWebKit/605.1.15 (KHTML, like Gecko) Version/12.0 Mobile/15E148 Safari/604.1', 'url': 'https://yourdemo.herokuapp.com/', 'image_width': 2320, 'image_height': 3088, 'cookie': 'f482e8e3-9b64-46b7-9cab-e4fc33ca5f17', 'UPLOAD_IN_REDIS': False, 'remote_url': 'https://bucketeer-ad74aded-29ae-4300-ac4a-2ed34f120de3.s3.eu-west-1.amazonaws.com/public/876327f6-35a1-43e6-8d46-3dcadab623f7.jpg'}}
{'2019-04-05 15:45:54.214','INFO',29913,rabbitmq.py:141-FACE_API_CALLBACK:--> [x] Received id='876327f6-35a1-43e6-8d46-3dcadab623f7'}
{'2019-04-05 15:45:54.214','DEBUG',29913,rabbitmq.py:164-FACE_API_CALLBACK:-->Starting Face API}
{'2019-04-05 15:45:54.319','DEBUG',29913,rabbitmq.py:166-FACE_API_CALLBACK:-->Face API Result : [{'faceId': '7bd23ee2-1fcc-462b-bdcc-ab7cfc2639d7', 'faceRectangle': {'top': 971, 'left': 575, 'width': 1014, 'height': 1014}, 'faceAttributes': {'smile': 1.0, 'headPose': {'pitch': 0.0, 'roll': -0.3, 'yaw': -3.6}, 'gender': 'male', 'age': 40.0, 'facialHair': {'moustache': 0.4, 'beard': 0.1, 'sideburns': 0.1}, 'glasses': 'NoGlasses', 'emotion': {'anger': 0.0, 'contempt': 0.0, 'disgust': 0.0, 'fear': 0.0, 'happiness': 1.0, 'neutral': 0.0, 'sadness': 0.0, 'surprise': 0.0}, 'blur': {'blurLevel': 'high', 'value': 0.85}, 'exposure': {'exposureLevel': 'goodExposure', 'value': 0.67}, 'noise': {'noiseLevel': 'medium', 'value': 0.67}, 'makeup': {'eyeMakeup': False, 'lipMakeup': False}, 'accessories': [], 'occlusion': {'foreheadOccluded': False, 'eyeOccluded': False, 'mouthOccluded': False}, 'hair': {'bald': 0.11, 'invisible': False, 'hairColor': [{'color': 'brown', 'confidence': 0.99}, {'color': 'black', 'confidence': 0.79}, {'color': 'blond', 'confidence': 0.44}, {'color': 'gray', 'confidence': 0.2}, {'color': 'red', 'confidence': 0.14}, {'color': 'other', 'confidence': 0.06}]}}}]}
{'2019-04-05 15:45:54.319','DEBUG',29913,rabbitmq.py:258-FACE_API_CALLBACK:-->{'MediaId__c': '876327f6-35a1-43e6-8d46-3dcadab623f7', 'image__c': 'https://bucketeer-ad74aded-29ae-4300-ac4a-2ed34f120de3.s3.eu-west-1.amazonaws.com/public/876327f6-35a1-43e6-8d46-3dcadab623f7.jpg', 'UserAgent__c': 'Mozilla/5.0 (iPhone; CPU iPhone OS 12_1_4 like Mac OS X) AppleWebKit/605.1.15 (KHTML, like Gecko) Version/12.0 Mobile/15E148 Safari/604.1', 'URL__c': 'https://yourdemo.herokuapp.com/', 'Name': '7f78e3ee-d41e-4cee-95a5-e3c7dcb13753', 'PersonId__c': '7f78e3ee-d41e-4cee-95a5-e3c7dcb13753', 'Gender__c': 'male', 'Age__c': 40, 'Smile_value__c': 1.0, 'eyemakeup__c': False, 'lipmakeup__c': False, 'Emotion_Value__c': 1.0, 'Smile__c': True, 'Glasses__c': False, 'Bald__c': False, 'ImageWidth__c': 2320, 'ImageHeight__c': 3088, 'FaceTop__c': 31, 'FaceLeft__c': 24, 'FaceWidth__c': 43, 'FaceHeight__c': 32, 'Haircolor__c': 'brown', 'Hair__c': 'brown', 'FacialHair__c': 'None', 'Emotion__c': 'happiness', 'Moustache__c': False, 'Beard__c': False, 'Anger__c': False, 'Contempt__c': False, 'Disgust__c': False, 'Fear__c': False, 'Happiness__c': True, 'Neutral__c': False, 'Sadness__c': False, 'Surprise__c': False, 'Description__c': '{"faceId":"7bd23ee2-1fcc-462b-bdcc-ab7cfc2639d7","faceRectangle":{"top":971,"left":575,"width":1014,"height":1014},"faceAttributes":{"smile":1.0,"headPose":{"pitch":0.0,"roll":-0.3,"yaw":-3.6},"gender":"male","age":40.0,"facialHair":{"moustache":0.4,"beard":0.1,"sideburns":0.1},"glasses":"NoGlasses","emotion":{"anger":0.0,"contempt":0.0,"disgust":0.0,"fear":0.0,"happiness":1.0,"neutral":0.0,"sadness":0.0,"surprise":0.0},"blur":{"blurLevel":"high","value":0.85},"exposure":{"exposureLevel":"goodExposure","value":0.67},"noise":{"noiseLevel":"medium","value":0.67},"makeup":{"eyeMakeup":false,"lipMakeup":false},"accessories":[],"occlusion":{"foreheadOccluded":false,"eyeOccluded":false,"mouthOccluded":false},"hair":{"bald":0.11,"invisible":false,"hairColor":[{"color":"brown","confidence":0.99},{"color":"black","confidence":0.79},{"color":"blond","confidence":0.44},{"color":"gray","confidence":0.2},{"color":"red","confidence":0.14},{"color":"other","confidence":0.06}]}}}'}}
{'2019-04-05 15:45:54.384','INFO',29913,rabbitmq.py:265-FACE_API_CALLBACK:--> [x] Finished id='876327f6-35a1-43e6-8d46-3dcadab623f7'}
{'2019-04-05 15:51:58.831','INFO',31413,postgres.py:27-<module>:-->2019-04-05 15:51:58.831464 - Initialization done Postgresql }
{'2019-04-05 15:51:58.944','DEBUG',31413,kafka_utils.py:42-<module>:-->KAFKA_PREFIX=gila-20117.}
{'2019-04-05 15:51:58.945','DEBUG',31413,kafka_utils.py:43-<module>:-->KAKFA_TOPIC_READ=topicRead}
{'2019-04-05 15:51:58.945','DEBUG',31413,kafka_utils.py:44-<module>:-->KAKFA_TOPIC_WRITE=topicWrite}
{'2019-04-05 15:51:58.945','DEBUG',31413,kafka_utils.py:45-<module>:-->KAFKA_GROUP_ID=gila-20117.my-consumer-group}
{'2019-04-05 15:51:58.975','INFO',31413,photo.py:21-<module>:-->Upload In Redis = False}
{'2019-04-05 15:51:59.252','DEBUG',31413,rabbitmq.py:34-init:-->Initialized : isOpen=True}
{'2019-04-05 15:51:59.253','INFO',31413,rabbitmq.py:43-<module>:-->2019-04-05 15:51:59.253407  - Initialization done RabbitMq}
{'2019-04-05 15:51:59.255','DEBUG',31413,rabbitmq.py:86-sendMessage:-->[x] sent}
{'2019-04-05 15:52:03.728','INFO',31416,postgres.py:27-<module>:-->2019-04-05 15:52:03.728848 - Initialization done Postgresql }
{'2019-04-05 15:52:03.802','DEBUG',31416,kafka_utils.py:42-<module>:-->KAFKA_PREFIX=gila-20117.}
{'2019-04-05 15:52:03.802','DEBUG',31416,kafka_utils.py:43-<module>:-->KAKFA_TOPIC_READ=topicRead}
{'2019-04-05 15:52:03.802','DEBUG',31416,kafka_utils.py:44-<module>:-->KAKFA_TOPIC_WRITE=topicWrite}
{'2019-04-05 15:52:03.802','DEBUG',31416,kafka_utils.py:45-<module>:-->KAFKA_GROUP_ID=gila-20117.my-consumer-group}
{'2019-04-05 15:52:03.820','INFO',31416,photo.py:21-<module>:-->Upload In Redis = False}
{'2019-04-05 15:52:04.029','DEBUG',31416,rabbitmq.py:34-init:-->Initialized : isOpen=True}
{'2019-04-05 15:52:04.030','INFO',31416,rabbitmq.py:43-<module>:-->2019-04-05 15:52:04.030201  - Initialization done RabbitMq}
{'2019-04-05 15:52:04.054','INFO',31416,rabbitmq.py:141-FACE_API_CALLBACK:-->{'id': '876327f6-35a1-43e6-8d46-3dcadab623f7', 'user-agent': 'Mozilla/5.0 (iPhone; CPU iPhone OS 12_1_4 like Mac OS X) AppleWebKit/605.1.15 (KHTML, like Gecko) Version/12.0 Mobile/15E148 Safari/604.1', 'url': 'https://yourdemo.herokuapp.com/', 'image_width': 2320, 'image_height': 3088, 'cookie': 'f482e8e3-9b64-46b7-9cab-e4fc33ca5f17', 'UPLOAD_IN_REDIS': False, 'remote_url': 'https://bucketeer-ad74aded-29ae-4300-ac4a-2ed34f120de3.s3.eu-west-1.amazonaws.com/public/876327f6-35a1-43e6-8d46-3dcadab623f7.jpg'}}
{'2019-04-05 15:52:04.056','INFO',31416,rabbitmq.py:143-FACE_API_CALLBACK:--> [x] Received id='876327f6-35a1-43e6-8d46-3dcadab623f7'}
{'2019-04-05 15:52:04.056','DEBUG',31416,rabbitmq.py:166-FACE_API_CALLBACK:-->Starting Face API}
{'2019-04-05 15:52:04.281','DEBUG',31416,rabbitmq.py:168-FACE_API_CALLBACK:-->Face API Result : [{'faceId': '7bd23ee2-1fcc-462b-bdcc-ab7cfc2639d7', 'faceRectangle': {'top': 971, 'left': 575, 'width': 1014, 'height': 1014}, 'faceAttributes': {'smile': 1.0, 'headPose': {'pitch': 0.0, 'roll': -0.3, 'yaw': -3.6}, 'gender': 'male', 'age': 40.0, 'facialHair': {'moustache': 0.4, 'beard': 0.1, 'sideburns': 0.1}, 'glasses': 'NoGlasses', 'emotion': {'anger': 0.0, 'contempt': 0.0, 'disgust': 0.0, 'fear': 0.0, 'happiness': 1.0, 'neutral': 0.0, 'sadness': 0.0, 'surprise': 0.0}, 'blur': {'blurLevel': 'high', 'value': 0.85}, 'exposure': {'exposureLevel': 'goodExposure', 'value': 0.67}, 'noise': {'noiseLevel': 'medium', 'value': 0.67}, 'makeup': {'eyeMakeup': False, 'lipMakeup': False}, 'accessories': [], 'occlusion': {'foreheadOccluded': False, 'eyeOccluded': False, 'mouthOccluded': False}, 'hair': {'bald': 0.11, 'invisible': False, 'hairColor': [{'color': 'brown', 'confidence': 0.99}, {'color': 'black', 'confidence': 0.79}, {'color': 'blond', 'confidence': 0.44}, {'color': 'gray', 'confidence': 0.2}, {'color': 'red', 'confidence': 0.14}, {'color': 'other', 'confidence': 0.06}]}}}]}
{'2019-04-05 15:52:04.281','DEBUG',31416,rabbitmq.py:260-FACE_API_CALLBACK:-->{'MediaId__c': '876327f6-35a1-43e6-8d46-3dcadab623f7', 'image__c': 'https://bucketeer-ad74aded-29ae-4300-ac4a-2ed34f120de3.s3.eu-west-1.amazonaws.com/public/876327f6-35a1-43e6-8d46-3dcadab623f7.jpg', 'UserAgent__c': 'Mozilla/5.0 (iPhone; CPU iPhone OS 12_1_4 like Mac OS X) AppleWebKit/605.1.15 (KHTML, like Gecko) Version/12.0 Mobile/15E148 Safari/604.1', 'URL__c': 'https://yourdemo.herokuapp.com/', 'Name': '44942774-fabb-4095-903c-83120b67dc6d', 'PersonId__c': '44942774-fabb-4095-903c-83120b67dc6d', 'Gender__c': 'male', 'Age__c': 40, 'Smile_value__c': 1.0, 'eyemakeup__c': False, 'lipmakeup__c': False, 'Emotion_Value__c': 1.0, 'Smile__c': True, 'Glasses__c': False, 'Bald__c': False, 'ImageWidth__c': 2320, 'ImageHeight__c': 3088, 'FaceTop__c': 31, 'FaceLeft__c': 24, 'FaceWidth__c': 43, 'FaceHeight__c': 32, 'Haircolor__c': 'brown', 'Hair__c': 'brown', 'FacialHair__c': 'None', 'Emotion__c': 'happiness', 'Moustache__c': False, 'Beard__c': False, 'Anger__c': False, 'Contempt__c': False, 'Disgust__c': False, 'Fear__c': False, 'Happiness__c': True, 'Neutral__c': False, 'Sadness__c': False, 'Surprise__c': False, 'Description__c': '{"faceId":"7bd23ee2-1fcc-462b-bdcc-ab7cfc2639d7","faceRectangle":{"top":971,"left":575,"width":1014,"height":1014},"faceAttributes":{"smile":1.0,"headPose":{"pitch":0.0,"roll":-0.3,"yaw":-3.6},"gender":"male","age":40.0,"facialHair":{"moustache":0.4,"beard":0.1,"sideburns":0.1},"glasses":"NoGlasses","emotion":{"anger":0.0,"contempt":0.0,"disgust":0.0,"fear":0.0,"happiness":1.0,"neutral":0.0,"sadness":0.0,"surprise":0.0},"blur":{"blurLevel":"high","value":0.85},"exposure":{"exposureLevel":"goodExposure","value":0.67},"noise":{"noiseLevel":"medium","value":0.67},"makeup":{"eyeMakeup":false,"lipMakeup":false},"accessories":[],"occlusion":{"foreheadOccluded":false,"eyeOccluded":false,"mouthOccluded":false},"hair":{"bald":0.11,"invisible":false,"hairColor":[{"color":"brown","confidence":0.99},{"color":"black","confidence":0.79},{"color":"blond","confidence":0.44},{"color":"gray","confidence":0.2},{"color":"red","confidence":0.14},{"color":"other","confidence":0.06}]}}}'}}
{'2019-04-05 15:52:04.741','INFO',31416,rabbitmq.py:267-FACE_API_CALLBACK:--> [x] Finished id='876327f6-35a1-43e6-8d46-3dcadab623f7'}
{'2019-04-05 15:59:20.610','INFO',32364,postgres.py:27-<module>:-->2019-04-05 15:59:20.610507 - Initialization done Postgresql }
{'2019-04-05 15:59:20.730','DEBUG',32364,kafka_utils.py:42-<module>:-->KAFKA_PREFIX=gila-20117.}
{'2019-04-05 15:59:20.730','DEBUG',32364,kafka_utils.py:43-<module>:-->KAKFA_TOPIC_READ=topicRead}
{'2019-04-05 15:59:20.730','DEBUG',32364,kafka_utils.py:44-<module>:-->KAKFA_TOPIC_WRITE=topicWrite}
{'2019-04-05 15:59:20.730','DEBUG',32364,kafka_utils.py:45-<module>:-->KAFKA_GROUP_ID=gila-20117.my-consumer-group}
{'2019-04-05 15:59:20.760','INFO',32364,photo.py:21-<module>:-->Upload In Redis = False}
{'2019-04-05 15:59:21.050','DEBUG',32364,rabbitmq.py:34-init:-->Initialized : isOpen=True}
{'2019-04-05 15:59:21.051','INFO',32364,rabbitmq.py:43-<module>:-->2019-04-05 15:59:21.051428  - Initialization done RabbitMq}
{'2019-04-05 15:59:21.053','DEBUG',32364,rabbitmq.py:86-sendMessage:-->[x] sent}
{'2019-04-05 16:09:12.392','INFO',35122,postgres.py:27-<module>:-->2019-04-05 16:09:12.392958 - Initialization done Postgresql }
{'2019-04-05 16:09:12.594','DEBUG',35122,kafka_utils.py:42-<module>:-->KAFKA_PREFIX=gila-20117.}
{'2019-04-05 16:09:12.594','DEBUG',35122,kafka_utils.py:43-<module>:-->KAKFA_TOPIC_READ=topicRead}
{'2019-04-05 16:09:12.594','DEBUG',35122,kafka_utils.py:44-<module>:-->KAKFA_TOPIC_WRITE=topicWrite}
{'2019-04-05 16:09:12.594','DEBUG',35122,kafka_utils.py:45-<module>:-->KAFKA_GROUP_ID=gila-20117.my-consumer-group}
{'2019-04-05 16:09:13.079','DEBUG',35122,rabbitmq.py:34-init:-->Initialized : isOpen=True}
{'2019-04-05 16:09:13.090','INFO',35122,rabbitmq.py:43-<module>:-->2019-04-05 16:09:13.090640  - Initialization done RabbitMq}
{'2019-04-05 16:09:13.119','INFO',35122,photo.py:21-<module>:-->Upload In Redis = False}
{'2019-04-05 16:09:13.509','INFO',35160,postgres.py:27-<module>:-->2019-04-05 16:09:13.509710 - Initialization done Postgresql }
{'2019-04-05 16:09:13.640','DEBUG',35160,kafka_utils.py:42-<module>:-->KAFKA_PREFIX=gila-20117.}
{'2019-04-05 16:09:13.640','DEBUG',35160,kafka_utils.py:43-<module>:-->KAKFA_TOPIC_READ=topicRead}
{'2019-04-05 16:09:13.640','DEBUG',35160,kafka_utils.py:44-<module>:-->KAKFA_TOPIC_WRITE=topicWrite}
{'2019-04-05 16:09:13.640','DEBUG',35160,kafka_utils.py:45-<module>:-->KAFKA_GROUP_ID=gila-20117.my-consumer-group}
{'2019-04-05 16:09:13.944','DEBUG',35160,rabbitmq.py:34-init:-->Initialized : isOpen=True}
{'2019-04-05 16:09:13.945','INFO',35160,rabbitmq.py:43-<module>:-->2019-04-05 16:09:13.945592  - Initialization done RabbitMq}
{'2019-04-05 16:09:13.965','INFO',35160,photo.py:21-<module>:-->Upload In Redis = False}
{'2019-04-05 16:10:08.489','INFO',35808,postgres.py:27-<module>:-->2019-04-05 16:10:08.489014 - Initialization done Postgresql }
{'2019-04-05 16:10:08.641','DEBUG',35808,kafka_utils.py:42-<module>:-->KAFKA_PREFIX=gila-20117.}
{'2019-04-05 16:10:08.641','DEBUG',35808,kafka_utils.py:43-<module>:-->KAKFA_TOPIC_READ=topicRead}
{'2019-04-05 16:10:08.641','DEBUG',35808,kafka_utils.py:44-<module>:-->KAKFA_TOPIC_WRITE=topicWrite}
{'2019-04-05 16:10:08.641','DEBUG',35808,kafka_utils.py:45-<module>:-->KAFKA_GROUP_ID=gila-20117.my-consumer-group}
{'2019-04-05 16:10:08.985','DEBUG',35808,rabbitmq.py:34-init:-->Initialized : isOpen=True}
{'2019-04-05 16:10:08.986','INFO',35808,rabbitmq.py:43-<module>:-->2019-04-05 16:10:08.986294  - Initialization done RabbitMq}
{'2019-04-05 16:10:09.006','INFO',35808,photo.py:21-<module>:-->Upload In Redis = False}
{'2019-04-05 16:10:09.377','INFO',35811,postgres.py:27-<module>:-->2019-04-05 16:10:09.377489 - Initialization done Postgresql }
{'2019-04-05 16:10:09.527','DEBUG',35811,kafka_utils.py:42-<module>:-->KAFKA_PREFIX=gila-20117.}
{'2019-04-05 16:10:09.527','DEBUG',35811,kafka_utils.py:43-<module>:-->KAKFA_TOPIC_READ=topicRead}
{'2019-04-05 16:10:09.527','DEBUG',35811,kafka_utils.py:44-<module>:-->KAKFA_TOPIC_WRITE=topicWrite}
{'2019-04-05 16:10:09.527','DEBUG',35811,kafka_utils.py:45-<module>:-->KAFKA_GROUP_ID=gila-20117.my-consumer-group}
{'2019-04-05 16:10:09.826','DEBUG',35811,rabbitmq.py:34-init:-->Initialized : isOpen=True}
{'2019-04-05 16:10:09.827','INFO',35811,rabbitmq.py:43-<module>:-->2019-04-05 16:10:09.827026  - Initialization done RabbitMq}
{'2019-04-05 16:10:09.841','INFO',35811,photo.py:21-<module>:-->Upload In Redis = False}
{'2019-04-05 16:10:15.596','INFO',35811,rediscache.py:22-__connect:-->2019-04-05 16:10:15.596566  - Initialization done Redis}
{'2019-04-05 16:10:15.597','DEBUG',35811,rediscache.py:65-__getCache:-->Reading in Redis}
{'2019-04-05 16:10:16.172','DEBUG',35811,guest.py:104-guest:-->* url: http://192.168.1.39:5000/
* method:GET
* Args:
* Headers:
	* Host = 192.168.1.39:5000
	* Connection = keep-alive
	* Upgrade-Insecure-Requests = 1
	* Accept = text/html,application/xhtml+xml,application/xml;q=0.9,*/*;q=0.8
	* User-Agent = Mozilla/5.0 (iPhone; CPU iPhone OS 12_1_4 like Mac OS X) AppleWebKit/605.1.15 (KHTML, like Gecko) Version/12.0 Mobile/15E148 Safari/604.1
	* Accept-Language = fr-fr
	* Dnt = 1
	* Accept-Encoding = gzip, deflate
* Form:
* Files:
}
{'2019-04-05 16:10:16.173','DEBUG',35811,rediscache.py:65-__getCache:-->Reading in Redis}
{'2019-04-05 16:10:16.194','INFO',35811,postgres.py:34-__getSFUsers:-->Data not found in cache : heroku log data not known}
{'2019-04-05 16:10:16.255','DEBUG',35811,rediscache.py:50-__setCache:-->Storing in Redis}
{'2019-04-05 16:10:16.297','DEBUG',35811,postgres.py:42-__getSFUsers:-->{'data': [{'name': 'Augustin Rieunier', 'sfid': '0051t000002FB13AAG'}, {'name': 'Automated Process', 'sfid': '0051t000002ujiYAAQ'}, {'name': 'B2BMA Integration', 'sfid': '0051t000002FB1EAAW'}, {'name': 'Bill West', 'sfid': '0051t000002ujiaAAA'}, {'name': 'Bob Hodges', 'sfid': '0051t000002ujj7AAA'}, {'name': 'Brenda Service', 'sfid': '0051t000002ujj6AAA'}, {'name': 'Chatter Expert', 'sfid': '0051t000002ujibAAA'}, {'name': 'Cindy Central', 'sfid': '0051t000002ujicAAA'}, {'name': 'customer-service Site Guest User', 'sfid': '0051t000002FCBrAAO'}, {'name': 'Customer Site Guest User', 'sfid': '0051t000002ujikAAA'}, {'name': 'Elliot Executive', 'sfid': '0051t000002ujifAAA'}, {'name': 'Ely East', 'sfid': '0051t000002ujidAAA'}, {'name': 'frederic daurelle', 'sfid': '0051t00000364baAAA'}, {'name': 'Heroku Connect CDO', 'sfid': '0051t000002FCo6AAG'}, {'name': 'Insights Integration', 'sfid': '0051t000002FB1DAAW'}, {'name': 'Jen Barber', 'sfid': '0051t000002zWHXAA2'}, {'name': 'Johan Ostman', 'sfid': '0051t0000035iYeAAI'}, {'name': 'Lauren Boyle', 'sfid': '0051t000002ujiiAAA'}, {'name': 'Partner Site Guest User', 'sfid': '0051t000002ujilAAA'}, {'name': 'Platform Integration User', 'sfid': '0051t000002ujjBAAQ'}, {'name': 'Quinton Engineer', 'sfid': '0051t000002ujigAAA'}, {'name': 'Roy Trenneman', 'sfid': '0051t0000035gXtAAI'}, {'name': 'Sly Resident', 'sfid': '0051t0000034bcaAAA'}, {'name': 'Steve Service', 'sfid': '0051t000002ujj5AAA'}, {'name': 'Sue Marketing', 'sfid': '0051t000002ujihAAA'}, {'name': 'Tim Service', 'sfid': '0051t000002ujieAAA'}, {'name': 'Tom Reseller', 'sfid': '0051t000002ujimAAA'}], 'columns': ['name', 'sfid']}}
{'2019-04-05 16:10:16.297','DEBUG',35811,rediscache.py:65-__getCache:-->Reading in Redis}
{'2019-04-05 16:10:48.425','DEBUG',35811,rediscache.py:65-__getCache:-->Reading in Redis}
{'2019-04-05 16:10:48.719','DEBUG',35811,guest.py:104-guest:-->* url: http://192.168.1.39:5000/
* method:POST
* Args:
* Headers:
	* Host = 192.168.1.39:5000
	* Accept = text/html,application/xhtml+xml,application/xml;q=0.9,*/*;q=0.8
	* Accept-Language = fr-fr
	* Accept-Encoding = gzip, deflate
	* Content-Type = multipart/form-data; boundary=----WebKitFormBoundary5jbO7YspEsnq9pCb
	* Origin = http://192.168.1.39:5000
	* User-Agent = Mozilla/5.0 (iPhone; CPU iPhone OS 12_1_4 like Mac OS X) AppleWebKit/605.1.15 (KHTML, like Gecko) Version/12.0 Mobile/15E148 Safari/604.1
	* Referer = http://192.168.1.39:5000/
	* Upgrade-Insecure-Requests = 1
	* Dnt = 1
	* Content-Length = 1182343
	* Cookie = test-demo-ar=c5465675-c0df-4b68-b298-0ee4abf8ce98
	* Connection = keep-alive
* Form:
	* Firstname = Augustin
	* Lastname = Rieunier
	* Company = Sfdc
	* PhoneNumber = +33625525363
	* Email = Arieunier@salesforce.com
	* Host = 0051t000002FB13AAG
* Files:
	* fileToUpload = <FileStorage: 'image.jpg' ('image/jpeg')>
}
{'2019-04-05 16:10:48.720','DEBUG',35811,rediscache.py:65-__getCache:-->Reading in Redis}
{'2019-04-05 16:10:48.740','INFO',35811,postgres.py:39-__getSFUsers:-->Data found in redis, using it directly}
{'2019-04-05 16:10:48.740','DEBUG',35811,postgres.py:42-__getSFUsers:-->{'data': [{'name': 'Augustin Rieunier', 'sfid': '0051t000002FB13AAG'}, {'name': 'Automated Process', 'sfid': '0051t000002ujiYAAQ'}, {'name': 'B2BMA Integration', 'sfid': '0051t000002FB1EAAW'}, {'name': 'Bill West', 'sfid': '0051t000002ujiaAAA'}, {'name': 'Bob Hodges', 'sfid': '0051t000002ujj7AAA'}, {'name': 'Brenda Service', 'sfid': '0051t000002ujj6AAA'}, {'name': 'Chatter Expert', 'sfid': '0051t000002ujibAAA'}, {'name': 'Cindy Central', 'sfid': '0051t000002ujicAAA'}, {'name': 'customer-service Site Guest User', 'sfid': '0051t000002FCBrAAO'}, {'name': 'Customer Site Guest User', 'sfid': '0051t000002ujikAAA'}, {'name': 'Elliot Executive', 'sfid': '0051t000002ujifAAA'}, {'name': 'Ely East', 'sfid': '0051t000002ujidAAA'}, {'name': 'frederic daurelle', 'sfid': '0051t00000364baAAA'}, {'name': 'Heroku Connect CDO', 'sfid': '0051t000002FCo6AAG'}, {'name': 'Insights Integration', 'sfid': '0051t000002FB1DAAW'}, {'name': 'Jen Barber', 'sfid': '0051t000002zWHXAA2'}, {'name': 'Johan Ostman', 'sfid': '0051t0000035iYeAAI'}, {'name': 'Lauren Boyle', 'sfid': '0051t000002ujiiAAA'}, {'name': 'Partner Site Guest User', 'sfid': '0051t000002ujilAAA'}, {'name': 'Platform Integration User', 'sfid': '0051t000002ujjBAAQ'}, {'name': 'Quinton Engineer', 'sfid': '0051t000002ujigAAA'}, {'name': 'Roy Trenneman', 'sfid': '0051t0000035gXtAAI'}, {'name': 'Sly Resident', 'sfid': '0051t0000034bcaAAA'}, {'name': 'Steve Service', 'sfid': '0051t000002ujj5AAA'}, {'name': 'Sue Marketing', 'sfid': '0051t000002ujihAAA'}, {'name': 'Tim Service', 'sfid': '0051t000002ujieAAA'}, {'name': 'Tom Reseller', 'sfid': '0051t000002ujimAAA'}], 'columns': ['name', 'sfid']}}
{'2019-04-05 16:10:48.741','DEBUG',35811,rediscache.py:65-__getCache:-->Reading in Redis}
{'2019-04-05 16:10:48.781','DEBUG',35811,aws.py:66-AWS_upload:-->6}
{'2019-04-05 16:10:49.364','INFO',35811,aws.py:86-AWS_upload:-->RemoteFilename = b1a8b7cf-0a83-40f1-8df5-c8ee5039e4f0.jpg}
{'2019-04-05 16:10:49.364','INFO',35811,aws.py:87-AWS_upload:-->completeFilename = ./images/b1a8b7cf-0a83-40f1-8df5-c8ee5039e4f0.jpeg}
{'2019-04-05 16:10:49.863','DEBUG',35811,aws.py:35-uploadData:-->https://bucketeer-8f39ef8e-6eee-4a03-b207-0df7f06c8cee.s3.eu-west-1.amazonaws.com/public/b1a8b7cf-0a83-40f1-8df5-c8ee5039e4f0.jpg}
{'2019-04-05 16:10:49.864','INFO',35811,aws.py:90-AWS_upload:-->File saved in AWS as https://bucketeer-8f39ef8e-6eee-4a03-b207-0df7f06c8cee.s3.eu-west-1.amazonaws.com/public/b1a8b7cf-0a83-40f1-8df5-c8ee5039e4f0.jpg}
{'2019-04-05 16:10:49.864','INFO',35811,guest.py:140-guest:-->{'id': 'b1a8b7cf-0a83-40f1-8df5-c8ee5039e4f0', 'user-agent': 'Mozilla/5.0 (iPhone; CPU iPhone OS 12_1_4 like Mac OS X) AppleWebKit/605.1.15 (KHTML, like Gecko) Version/12.0 Mobile/15E148 Safari/604.1', 'url': 'http://192.168.1.39:5000/', 'image_width': 2320, 'image_height': 3088, 'cookie': 'c5465675-c0df-4b68-b298-0ee4abf8ce98', 'UPLOAD_IN_REDIS': False, 'remote_url': 'https://bucketeer-8f39ef8e-6eee-4a03-b207-0df7f06c8cee.s3.eu-west-1.amazonaws.com/public/b1a8b7cf-0a83-40f1-8df5-c8ee5039e4f0.jpg'}}
{'2019-04-05 16:10:49.866','DEBUG',35811,rabbitmq.py:86-sendMessage:-->[x] sent}
{'2019-04-05 16:10:49.938','DEBUG',35811,rediscache.py:50-__setCache:-->Storing in Redis}
{'2019-04-05 16:46:07.520','INFO',42073,postgres.py:27-<module>:-->2019-04-05 16:46:07.520081 - Initialization done Postgresql }
{'2019-04-05 16:46:07.757','DEBUG',42073,kafka_utils.py:42-<module>:-->KAFKA_PREFIX=gila-20117.}
{'2019-04-05 16:46:07.757','DEBUG',42073,kafka_utils.py:43-<module>:-->KAKFA_TOPIC_READ=topicRead}
{'2019-04-05 16:46:07.757','DEBUG',42073,kafka_utils.py:44-<module>:-->KAKFA_TOPIC_WRITE=topicWrite}
{'2019-04-05 16:46:07.757','DEBUG',42073,kafka_utils.py:45-<module>:-->KAFKA_GROUP_ID=gila-20117.my-consumer-group}
{'2019-04-05 16:47:43.500','INFO',42712,postgres.py:27-<module>:-->2019-04-05 16:47:43.500055 - Initialization done Postgresql }
{'2019-04-05 16:47:43.651','DEBUG',42712,kafka_utils.py:42-<module>:-->KAFKA_PREFIX=gila-20117.}
{'2019-04-05 16:47:43.652','DEBUG',42712,kafka_utils.py:43-<module>:-->KAKFA_TOPIC_READ=topicRead}
{'2019-04-05 16:47:43.652','DEBUG',42712,kafka_utils.py:44-<module>:-->KAKFA_TOPIC_WRITE=topicWrite}
{'2019-04-05 16:47:43.652','DEBUG',42712,kafka_utils.py:45-<module>:-->KAFKA_GROUP_ID=gila-20117.my-consumer-group}
{'2019-04-05 16:47:43.981','DEBUG',42712,rabbitmq.py:34-init:-->Initialized : isOpen=True}
{'2019-04-05 16:47:43.981','INFO',42712,rabbitmq.py:43-<module>:-->2019-04-05 16:47:43.981699  - Initialization done RabbitMq}
{'2019-04-05 16:47:44.017','INFO',42712,photo.py:21-<module>:-->Upload In Redis = False}
{'2019-04-05 16:47:44.402','INFO',42715,postgres.py:27-<module>:-->2019-04-05 16:47:44.402425 - Initialization done Postgresql }
{'2019-04-05 16:47:44.550','DEBUG',42715,kafka_utils.py:42-<module>:-->KAFKA_PREFIX=gila-20117.}
{'2019-04-05 16:47:44.550','DEBUG',42715,kafka_utils.py:43-<module>:-->KAKFA_TOPIC_READ=topicRead}
{'2019-04-05 16:47:44.550','DEBUG',42715,kafka_utils.py:44-<module>:-->KAKFA_TOPIC_WRITE=topicWrite}
{'2019-04-05 16:47:44.550','DEBUG',42715,kafka_utils.py:45-<module>:-->KAFKA_GROUP_ID=gila-20117.my-consumer-group}
{'2019-04-05 16:47:44.853','DEBUG',42715,rabbitmq.py:34-init:-->Initialized : isOpen=True}
{'2019-04-05 16:47:44.853','INFO',42715,rabbitmq.py:43-<module>:-->2019-04-05 16:47:44.853636  - Initialization done RabbitMq}
{'2019-04-05 16:47:44.873','INFO',42715,photo.py:21-<module>:-->Upload In Redis = False}
{'2019-04-05 16:47:55.209','INFO',42715,rediscache.py:22-__connect:-->2019-04-05 16:47:55.209472  - Initialization done Redis}
{'2019-04-05 16:47:55.210','DEBUG',42715,rediscache.py:65-__getCache:-->Reading in Redis}
{'2019-04-05 16:47:55.735','DEBUG',42715,guest.py:104-guest:-->* url: http://localhost:5000/
* method:GET
* Args:
* Headers:
	* Host = localhost:5000
	* Connection = keep-alive
	* Upgrade-Insecure-Requests = 1
	* User-Agent = Mozilla/5.0 (Macintosh; Intel Mac OS X 10_14_4) AppleWebKit/537.36 (KHTML, like Gecko) Chrome/73.0.3683.86 Safari/537.36
	* Accept = text/html,application/xhtml+xml,application/xml;q=0.9,image/webp,image/apng,*/*;q=0.8,application/signed-exchange;v=b3
	* Accept-Encoding = gzip, deflate, br
	* Accept-Language = en-GB,en;q=0.9,en-US;q=0.8,fr;q=0.7
	* Cookie = test-demo-ar=d2a83a48-62ab-4137-a78c-b5ca15883a09
* Form:
* Files:
}
{'2019-04-05 16:47:55.737','DEBUG',42715,rediscache.py:65-__getCache:-->Reading in Redis}
{'2019-04-05 16:47:55.756','INFO',42715,postgres.py:34-__getSFUsers:-->Data not found in cache : heroku log data not known}
{'2019-04-05 16:47:55.816','DEBUG',42715,rediscache.py:50-__setCache:-->Storing in Redis}
{'2019-04-05 16:47:55.857','DEBUG',42715,postgres.py:42-__getSFUsers:-->{'data': [{'name': 'Augustin Rieunier', 'sfid': '0051t000002FB13AAG'}, {'name': 'Automated Process', 'sfid': '0051t000002ujiYAAQ'}, {'name': 'B2BMA Integration', 'sfid': '0051t000002FB1EAAW'}, {'name': 'Bill West', 'sfid': '0051t000002ujiaAAA'}, {'name': 'Bob Hodges', 'sfid': '0051t000002ujj7AAA'}, {'name': 'Brenda Service', 'sfid': '0051t000002ujj6AAA'}, {'name': 'Chatter Expert', 'sfid': '0051t000002ujibAAA'}, {'name': 'Cindy Central', 'sfid': '0051t000002ujicAAA'}, {'name': 'customer-service Site Guest User', 'sfid': '0051t000002FCBrAAO'}, {'name': 'Customer Site Guest User', 'sfid': '0051t000002ujikAAA'}, {'name': 'Elliot Executive', 'sfid': '0051t000002ujifAAA'}, {'name': 'Ely East', 'sfid': '0051t000002ujidAAA'}, {'name': 'frederic daurelle', 'sfid': '0051t00000364baAAA'}, {'name': 'Heroku Connect CDO', 'sfid': '0051t000002FCo6AAG'}, {'name': 'Insights Integration', 'sfid': '0051t000002FB1DAAW'}, {'name': 'Jen Barber', 'sfid': '0051t000002zWHXAA2'}, {'name': 'Johan Ostman', 'sfid': '0051t0000035iYeAAI'}, {'name': 'Lauren Boyle', 'sfid': '0051t000002ujiiAAA'}, {'name': 'Marc Benioff', 'sfid': '0051t0000036KbSAAU'}, {'name': 'Partner Site Guest User', 'sfid': '0051t000002ujilAAA'}, {'name': 'Platform Integration User', 'sfid': '0051t000002ujjBAAQ'}, {'name': 'Quinton Engineer', 'sfid': '0051t000002ujigAAA'}, {'name': 'Roy Trenneman', 'sfid': '0051t0000035gXtAAI'}, {'name': 'Sly Resident', 'sfid': '0051t0000034bcaAAA'}, {'name': 'Steve Service', 'sfid': '0051t000002ujj5AAA'}, {'name': 'Sue Marketing', 'sfid': '0051t000002ujihAAA'}, {'name': 'Tim Service', 'sfid': '0051t000002ujieAAA'}, {'name': 'Tom Reseller', 'sfid': '0051t000002ujimAAA'}], 'columns': ['name', 'sfid']}}
{'2019-04-05 16:47:55.857','DEBUG',42715,rediscache.py:65-__getCache:-->Reading in Redis}
{'2019-04-05 16:48:10.035','DEBUG',42715,rediscache.py:65-__getCache:-->Reading in Redis}
{'2019-04-05 16:48:10.206','DEBUG',42715,guest.py:104-guest:-->* url: http://localhost:5000/
* method:POST
* Args:
* Headers:
	* Host = localhost:5000
	* Connection = keep-alive
	* Content-Length = 381580
	* Cache-Control = max-age=0
	* Origin = http://localhost:5000
	* Upgrade-Insecure-Requests = 1
	* Content-Type = multipart/form-data; boundary=----WebKitFormBoundary3ByblClCX2ZF9OsN
	* User-Agent = Mozilla/5.0 (Macintosh; Intel Mac OS X 10_14_4) AppleWebKit/537.36 (KHTML, like Gecko) Chrome/73.0.3683.86 Safari/537.36
	* Accept = text/html,application/xhtml+xml,application/xml;q=0.9,image/webp,image/apng,*/*;q=0.8,application/signed-exchange;v=b3
	* Referer = http://localhost:5000/
	* Accept-Encoding = gzip, deflate, br
	* Accept-Language = en-GB,en;q=0.9,en-US;q=0.8,fr;q=0.7
	* Cookie = test-demo-ar=d2a83a48-62ab-4137-a78c-b5ca15883a09
* Form:
	* Firstname = Augustin
	* Lastname = Rieunier
	* Company = SFDCDAZEAZZ
	* PhoneNumber = +12213123213
	* Email = arieunier@salesforce.com
	* Host = 0051t000002FB13AAG
* Files:
	* fileToUpload = <FileStorage: '876327f6-35a1-43e6-8d46-3dcadab623f7.jpg' ('image/jpeg')>
}
{'2019-04-05 16:48:10.206','DEBUG',42715,rediscache.py:65-__getCache:-->Reading in Redis}
{'2019-04-05 16:48:10.228','INFO',42715,postgres.py:39-__getSFUsers:-->Data found in redis, using it directly}
{'2019-04-05 16:48:10.229','DEBUG',42715,postgres.py:42-__getSFUsers:-->{'data': [{'name': 'Augustin Rieunier', 'sfid': '0051t000002FB13AAG'}, {'name': 'Automated Process', 'sfid': '0051t000002ujiYAAQ'}, {'name': 'B2BMA Integration', 'sfid': '0051t000002FB1EAAW'}, {'name': 'Bill West', 'sfid': '0051t000002ujiaAAA'}, {'name': 'Bob Hodges', 'sfid': '0051t000002ujj7AAA'}, {'name': 'Brenda Service', 'sfid': '0051t000002ujj6AAA'}, {'name': 'Chatter Expert', 'sfid': '0051t000002ujibAAA'}, {'name': 'Cindy Central', 'sfid': '0051t000002ujicAAA'}, {'name': 'customer-service Site Guest User', 'sfid': '0051t000002FCBrAAO'}, {'name': 'Customer Site Guest User', 'sfid': '0051t000002ujikAAA'}, {'name': 'Elliot Executive', 'sfid': '0051t000002ujifAAA'}, {'name': 'Ely East', 'sfid': '0051t000002ujidAAA'}, {'name': 'frederic daurelle', 'sfid': '0051t00000364baAAA'}, {'name': 'Heroku Connect CDO', 'sfid': '0051t000002FCo6AAG'}, {'name': 'Insights Integration', 'sfid': '0051t000002FB1DAAW'}, {'name': 'Jen Barber', 'sfid': '0051t000002zWHXAA2'}, {'name': 'Johan Ostman', 'sfid': '0051t0000035iYeAAI'}, {'name': 'Lauren Boyle', 'sfid': '0051t000002ujiiAAA'}, {'name': 'Marc Benioff', 'sfid': '0051t0000036KbSAAU'}, {'name': 'Partner Site Guest User', 'sfid': '0051t000002ujilAAA'}, {'name': 'Platform Integration User', 'sfid': '0051t000002ujjBAAQ'}, {'name': 'Quinton Engineer', 'sfid': '0051t000002ujigAAA'}, {'name': 'Roy Trenneman', 'sfid': '0051t0000035gXtAAI'}, {'name': 'Sly Resident', 'sfid': '0051t0000034bcaAAA'}, {'name': 'Steve Service', 'sfid': '0051t000002ujj5AAA'}, {'name': 'Sue Marketing', 'sfid': '0051t000002ujihAAA'}, {'name': 'Tim Service', 'sfid': '0051t000002ujieAAA'}, {'name': 'Tom Reseller', 'sfid': '0051t000002ujimAAA'}], 'columns': ['name', 'sfid']}}
{'2019-04-05 16:48:10.229','DEBUG',42715,rediscache.py:65-__getCache:-->Reading in Redis}
{'2019-04-05 16:48:10.265','INFO',42715,aws.py:86-AWS_upload:-->RemoteFilename = 57733a38-7e14-41a0-8e30-0e3accf2c59a.jpg}
{'2019-04-05 16:48:10.265','INFO',42715,aws.py:87-AWS_upload:-->completeFilename = ./images/57733a38-7e14-41a0-8e30-0e3accf2c59a.jpeg}
{'2019-04-05 16:48:10.945','DEBUG',42715,aws.py:35-uploadData:-->https://bucketeer-e2b8d671-560a-41ee-88ab-c9347aa6e6c6.s3.eu-west-1.amazonaws.com/public/57733a38-7e14-41a0-8e30-0e3accf2c59a.jpg}
{'2019-04-05 16:48:10.946','INFO',42715,aws.py:90-AWS_upload:-->File saved in AWS as https://bucketeer-e2b8d671-560a-41ee-88ab-c9347aa6e6c6.s3.eu-west-1.amazonaws.com/public/57733a38-7e14-41a0-8e30-0e3accf2c59a.jpg}
{'2019-04-05 16:48:10.947','INFO',42715,guest.py:140-guest:-->{'id': '57733a38-7e14-41a0-8e30-0e3accf2c59a', 'user-agent': 'Mozilla/5.0 (Macintosh; Intel Mac OS X 10_14_4) AppleWebKit/537.36 (KHTML, like Gecko) Chrome/73.0.3683.86 Safari/537.36', 'url': 'http://localhost:5000/', 'image_width': 2320, 'image_height': 3088, 'cookie': 'd2a83a48-62ab-4137-a78c-b5ca15883a09', 'UPLOAD_IN_REDIS': False, 'remote_url': 'https://bucketeer-e2b8d671-560a-41ee-88ab-c9347aa6e6c6.s3.eu-west-1.amazonaws.com/public/57733a38-7e14-41a0-8e30-0e3accf2c59a.jpg'}}
{'2019-04-05 16:48:10.948','DEBUG',42715,rabbitmq.py:86-sendMessage:-->[x] sent}
{'2019-04-05 16:48:11.015','DEBUG',42715,rediscache.py:50-__setCache:-->Storing in Redis}
{'2019-04-05 16:49:44.768','DEBUG',42715,rediscache.py:65-__getCache:-->Reading in Redis}
{'2019-04-05 16:49:44.915','DEBUG',42715,guest.py:104-guest:-->* url: http://localhost:5000/
* method:GET
* Args:
* Headers:
	* Host = localhost:5000
	* Connection = keep-alive
	* Upgrade-Insecure-Requests = 1
	* User-Agent = Mozilla/5.0 (Macintosh; Intel Mac OS X 10_14_4) AppleWebKit/537.36 (KHTML, like Gecko) Chrome/73.0.3683.86 Safari/537.36
	* Accept = text/html,application/xhtml+xml,application/xml;q=0.9,image/webp,image/apng,*/*;q=0.8,application/signed-exchange;v=b3
	* Accept-Encoding = gzip, deflate, br
	* Accept-Language = en-GB,en;q=0.9,en-US;q=0.8,fr;q=0.7
* Form:
* Files:
}
{'2019-04-05 16:49:44.915','DEBUG',42715,rediscache.py:65-__getCache:-->Reading in Redis}
{'2019-04-05 16:49:44.937','INFO',42715,postgres.py:34-__getSFUsers:-->Data not found in cache : heroku log data not known}
{'2019-04-05 16:49:44.998','DEBUG',42715,rediscache.py:50-__setCache:-->Storing in Redis}
{'2019-04-05 16:49:45.038','DEBUG',42715,postgres.py:42-__getSFUsers:-->{'data': [{'name': 'Augustin Rieunier', 'sfid': '0051t000002FB13AAG'}, {'name': 'Automated Process', 'sfid': '0051t000002ujiYAAQ'}, {'name': 'B2BMA Integration', 'sfid': '0051t000002FB1EAAW'}, {'name': 'Bill West', 'sfid': '0051t000002ujiaAAA'}, {'name': 'Bob Hodges', 'sfid': '0051t000002ujj7AAA'}, {'name': 'Brenda Service', 'sfid': '0051t000002ujj6AAA'}, {'name': 'Chatter Expert', 'sfid': '0051t000002ujibAAA'}, {'name': 'Cindy Central', 'sfid': '0051t000002ujicAAA'}, {'name': 'customer-service Site Guest User', 'sfid': '0051t000002FCBrAAO'}, {'name': 'Customer Site Guest User', 'sfid': '0051t000002ujikAAA'}, {'name': 'Elliot Executive', 'sfid': '0051t000002ujifAAA'}, {'name': 'Ely East', 'sfid': '0051t000002ujidAAA'}, {'name': 'frederic daurelle', 'sfid': '0051t00000364baAAA'}, {'name': 'Heroku Connect CDO', 'sfid': '0051t000002FCo6AAG'}, {'name': 'Insights Integration', 'sfid': '0051t000002FB1DAAW'}, {'name': 'Jen Barber', 'sfid': '0051t000002zWHXAA2'}, {'name': 'Johan Ostman', 'sfid': '0051t0000035iYeAAI'}, {'name': 'Lauren Boyle', 'sfid': '0051t000002ujiiAAA'}, {'name': 'Marc Benioff', 'sfid': '0051t0000036KbSAAU'}, {'name': 'Partner Site Guest User', 'sfid': '0051t000002ujilAAA'}, {'name': 'Platform Integration User', 'sfid': '0051t000002ujjBAAQ'}, {'name': 'Quinton Engineer', 'sfid': '0051t000002ujigAAA'}, {'name': 'Roy Trenneman', 'sfid': '0051t0000035gXtAAI'}, {'name': 'Sly Resident', 'sfid': '0051t0000034bcaAAA'}, {'name': 'Steve Service', 'sfid': '0051t000002ujj5AAA'}, {'name': 'Sue Marketing', 'sfid': '0051t000002ujihAAA'}, {'name': 'Tim Service', 'sfid': '0051t000002ujieAAA'}, {'name': 'Tom Reseller', 'sfid': '0051t000002ujimAAA'}], 'columns': ['name', 'sfid']}}
{'2019-04-05 16:49:45.041','DEBUG',42715,rediscache.py:65-__getCache:-->Reading in Redis}
{'2019-04-05 16:50:01.230','DEBUG',42715,rediscache.py:65-__getCache:-->Reading in Redis}
{'2019-04-05 16:50:01.405','DEBUG',42715,guest.py:104-guest:-->* url: http://localhost:5000/
* method:POST
* Args:
* Headers:
	* Host = localhost:5000
	* Connection = keep-alive
	* Content-Length = 381591
	* Cache-Control = max-age=0
	* Origin = http://localhost:5000
	* Upgrade-Insecure-Requests = 1
	* Content-Type = multipart/form-data; boundary=----WebKitFormBoundaryX4UUWyzpSiDL7KB8
	* User-Agent = Mozilla/5.0 (Macintosh; Intel Mac OS X 10_14_4) AppleWebKit/537.36 (KHTML, like Gecko) Chrome/73.0.3683.86 Safari/537.36
	* Accept = text/html,application/xhtml+xml,application/xml;q=0.9,image/webp,image/apng,*/*;q=0.8,application/signed-exchange;v=b3
	* Referer = http://localhost:5000/
	* Accept-Encoding = gzip, deflate, br
	* Accept-Language = en-GB,en;q=0.9,en-US;q=0.8,fr;q=0.7
	* Cookie = test-demo-ar=2553e92e-cbf8-4859-a674-17ed31f17989
* Form:
	* Firstname = Augustin
	* Lastname = Rieunier
	* Company = apozekzapoekazopekazpo
	* PhoneNumber = +12321321321
	* Email = arieunier@salesforce.com
	* Host = 0051t000002FB13AAG
* Files:
	* fileToUpload = <FileStorage: '876327f6-35a1-43e6-8d46-3dcadab623f7.jpg' ('image/jpeg')>
}
{'2019-04-05 16:50:01.405','DEBUG',42715,rediscache.py:65-__getCache:-->Reading in Redis}
{'2019-04-05 16:50:01.425','INFO',42715,postgres.py:39-__getSFUsers:-->Data found in redis, using it directly}
{'2019-04-05 16:50:01.426','DEBUG',42715,postgres.py:42-__getSFUsers:-->{'data': [{'name': 'Augustin Rieunier', 'sfid': '0051t000002FB13AAG'}, {'name': 'Automated Process', 'sfid': '0051t000002ujiYAAQ'}, {'name': 'B2BMA Integration', 'sfid': '0051t000002FB1EAAW'}, {'name': 'Bill West', 'sfid': '0051t000002ujiaAAA'}, {'name': 'Bob Hodges', 'sfid': '0051t000002ujj7AAA'}, {'name': 'Brenda Service', 'sfid': '0051t000002ujj6AAA'}, {'name': 'Chatter Expert', 'sfid': '0051t000002ujibAAA'}, {'name': 'Cindy Central', 'sfid': '0051t000002ujicAAA'}, {'name': 'customer-service Site Guest User', 'sfid': '0051t000002FCBrAAO'}, {'name': 'Customer Site Guest User', 'sfid': '0051t000002ujikAAA'}, {'name': 'Elliot Executive', 'sfid': '0051t000002ujifAAA'}, {'name': 'Ely East', 'sfid': '0051t000002ujidAAA'}, {'name': 'frederic daurelle', 'sfid': '0051t00000364baAAA'}, {'name': 'Heroku Connect CDO', 'sfid': '0051t000002FCo6AAG'}, {'name': 'Insights Integration', 'sfid': '0051t000002FB1DAAW'}, {'name': 'Jen Barber', 'sfid': '0051t000002zWHXAA2'}, {'name': 'Johan Ostman', 'sfid': '0051t0000035iYeAAI'}, {'name': 'Lauren Boyle', 'sfid': '0051t000002ujiiAAA'}, {'name': 'Marc Benioff', 'sfid': '0051t0000036KbSAAU'}, {'name': 'Partner Site Guest User', 'sfid': '0051t000002ujilAAA'}, {'name': 'Platform Integration User', 'sfid': '0051t000002ujjBAAQ'}, {'name': 'Quinton Engineer', 'sfid': '0051t000002ujigAAA'}, {'name': 'Roy Trenneman', 'sfid': '0051t0000035gXtAAI'}, {'name': 'Sly Resident', 'sfid': '0051t0000034bcaAAA'}, {'name': 'Steve Service', 'sfid': '0051t000002ujj5AAA'}, {'name': 'Sue Marketing', 'sfid': '0051t000002ujihAAA'}, {'name': 'Tim Service', 'sfid': '0051t000002ujieAAA'}, {'name': 'Tom Reseller', 'sfid': '0051t000002ujimAAA'}], 'columns': ['name', 'sfid']}}
{'2019-04-05 16:50:01.427','DEBUG',42715,rediscache.py:65-__getCache:-->Reading in Redis}
{'2019-04-05 16:50:01.448','INFO',42715,aws.py:86-AWS_upload:-->RemoteFilename = 348a72de-4fb8-4f8c-b5e1-600f952238d1.jpg}
{'2019-04-05 16:50:01.449','INFO',42715,aws.py:87-AWS_upload:-->completeFilename = ./images/348a72de-4fb8-4f8c-b5e1-600f952238d1.jpeg}
{'2019-04-05 16:50:01.815','DEBUG',42715,aws.py:35-uploadData:-->https://bucketeer-e2b8d671-560a-41ee-88ab-c9347aa6e6c6.s3.eu-west-1.amazonaws.com/public/348a72de-4fb8-4f8c-b5e1-600f952238d1.jpg}
{'2019-04-05 16:50:01.816','INFO',42715,aws.py:90-AWS_upload:-->File saved in AWS as https://bucketeer-e2b8d671-560a-41ee-88ab-c9347aa6e6c6.s3.eu-west-1.amazonaws.com/public/348a72de-4fb8-4f8c-b5e1-600f952238d1.jpg}
{'2019-04-05 16:50:01.816','INFO',42715,guest.py:140-guest:-->{'id': '348a72de-4fb8-4f8c-b5e1-600f952238d1', 'user-agent': 'Mozilla/5.0 (Macintosh; Intel Mac OS X 10_14_4) AppleWebKit/537.36 (KHTML, like Gecko) Chrome/73.0.3683.86 Safari/537.36', 'url': 'http://localhost:5000/', 'image_width': 2320, 'image_height': 3088, 'cookie': '2553e92e-cbf8-4859-a674-17ed31f17989', 'UPLOAD_IN_REDIS': False, 'remote_url': 'https://bucketeer-e2b8d671-560a-41ee-88ab-c9347aa6e6c6.s3.eu-west-1.amazonaws.com/public/348a72de-4fb8-4f8c-b5e1-600f952238d1.jpg'}}
{'2019-04-05 16:50:01.817','DEBUG',42715,rabbitmq.py:86-sendMessage:-->[x] sent}
{'2019-04-05 16:50:01.882','DEBUG',42715,rediscache.py:50-__setCache:-->Storing in Redis}
